CompileCommand: exclude com/intellij/openapi/vfs/impl/FilePartNodeRoot.trieDescend bool exclude = true
2023-05-16 21:16:59,365 [   1140]   WARN - #c.i.o.a.i.ActionManagerImpl - keymap "VSCode" not found PluginDescriptor(name=Terminal, id=org.jetbrains.plugins.terminal, descriptorPath=plugin.xml, path=/snap/clion/237/plugins/terminal, version=231.9011.31, package=null, isBundled=true)
2023-05-16 21:17:00,005 [   1780]   WARN - #c.i.o.v.n.p.l.VfsLog - VFS Log version differs from the implementation version: log null vs implementation -43
2023-05-16 21:17:00,193 [   1968]   WARN - #c.j.p.PluginClassPathRuntimeCustomizer - There was more than one class loaded in Projector Plugin classloader - this is likely a bug!
2023-05-16 21:17:00,202 [   1977]   WARN - #c.i.f.ProductivityFeaturesRegistryImpl - Feature with id 'codeassists.context.actions' is overridden by: id = [codeassists.context.actions], displayName = [null], groupId = [codeassists], usageCount = [0]
2023-05-16 21:17:00,203 [   1978]   WARN - #c.i.f.ProductivityFeaturesRegistryImpl - Feature with id 'codeassists.generate.code' is overridden by: id = [codeassists.generate.code], displayName = [null], groupId = [codeassists], usageCount = [0]
2023-05-16 21:17:00,203 [   1978]   WARN - #c.i.f.ProductivityFeaturesRegistryImpl - Feature with id 'codeassists.quickdefinition' is overridden by: id = [codeassists.quickdefinition], displayName = [null], groupId = [codeassists], usageCount = [0]
Info  | RdCoroutineScope          | 15:DefaultDispatcher-worker-4 | RdCoroutineHost overridden 
2023-05-16 21:17:02,988 [   4763]   WARN - #c.i.o.a.i.ActionUpdater - 1135 ms to grab EDT for ToolWindowHeader$2#update@ToolwindowTitle (com.intellij.toolWindow.ToolWindowHeader$2)
2023-05-16 21:17:27,151 [  28926]   WARN - #org.rust.macros - The file content has already been fetched
java.io.FileNotFoundException: /rust_expanded_macros/4k1h4qky/11/8/f/8fa18eea5782d18885278fd25e00fad9e0aeaf4e_1_31.rs (Content is not provided)
	at org.rust.lang.core.macros.MacroExpansionFileSystem.contentsToByteArray(MacroExpansionFileSystem.kt:236)
	at com.intellij.openapi.vfs.newvfs.persistent.PersistentFSImpl.contentsToByteArray(PersistentFSImpl.java:616)
	at com.intellij.openapi.vfs.newvfs.impl.VirtualFileImpl.contentsToByteArray(VirtualFileImpl.java:126)
	at com.intellij.util.indexing.contentQueue.CachedFileContent.getBytes(CachedFileContent.java:28)
	at com.intellij.util.indexing.contentQueue.CurrentProjectHintedCachedFileContentLoader.lambda$loadContent$0(CurrentProjectHintedCachedFileContentLoader.java:31)
	at com.intellij.openapi.project.ProjectLocator.computeWithPreferredProject(ProjectLocator.java:58)
	at com.intellij.util.indexing.contentQueue.CurrentProjectHintedCachedFileContentLoader.loadContent(CurrentProjectHintedCachedFileContentLoader.java:31)
	at com.intellij.util.indexing.contentQueue.IndexUpdateRunner.loadContent(IndexUpdateRunner.java:416)
	at com.intellij.util.indexing.contentQueue.IndexUpdateRunner.indexOneFileOfJob(IndexUpdateRunner.java:277)
	at com.intellij.util.indexing.contentQueue.IndexUpdateRunner.lambda$indexJobsFairly$3(IndexUpdateRunner.java:243)
	at com.intellij.openapi.progress.impl.ProgressSuspender.executeNonSuspendableSection(ProgressSuspender.java:80)
	at com.intellij.util.indexing.contentQueue.IndexUpdateRunner.indexJobsFairly(IndexUpdateRunner.java:246)
	at com.intellij.util.indexing.contentQueue.IndexUpdateRunner.lambda$doIndexFiles$2(IndexUpdateRunner.java:177)
	at com.intellij.util.concurrency.BoundedTaskExecutor.doRun(BoundedTaskExecutor.java:248)
	at com.intellij.util.concurrency.BoundedTaskExecutor.access$200(BoundedTaskExecutor.java:28)
	at com.intellij.util.concurrency.BoundedTaskExecutor$1.executeFirstTaskAndHelpQueue(BoundedTaskExecutor.java:221)
	at com.intellij.util.ConcurrencyUtil.runUnderThreadName(ConcurrencyUtil.java:227)
	at com.intellij.util.concurrency.BoundedTaskExecutor$1.run(BoundedTaskExecutor.java:210)
	at java.base/java.util.concurrent.ThreadPoolExecutor.runWorker(ThreadPoolExecutor.java:1136)
	at java.base/java.util.concurrent.ThreadPoolExecutor$Worker.run(ThreadPoolExecutor.java:635)
	at java.base/java.util.concurrent.Executors$PrivilegedThreadFactory$1$1.run(Executors.java:702)
	at java.base/java.util.concurrent.Executors$PrivilegedThreadFactory$1$1.run(Executors.java:699)
	at java.base/java.security.AccessController.doPrivileged(AccessController.java:399)
	at java.base/java.util.concurrent.Executors$PrivilegedThreadFactory$1.run(Executors.java:699)
	at java.base/java.lang.Thread.run(Thread.java:833)
2023-05-16 21:17:27,151 [  28926]   WARN - #org.rust.macros - The file content has already been fetched
java.io.FileNotFoundException: /rust_expanded_macros/4k1h4qky/11/9/5/9515ffd42bd10c0423fc34ae2eb0922a9b3caf87_1_31.rs (Content is not provided)
	at org.rust.lang.core.macros.MacroExpansionFileSystem.contentsToByteArray(MacroExpansionFileSystem.kt:236)
	at com.intellij.openapi.vfs.newvfs.persistent.PersistentFSImpl.contentsToByteArray(PersistentFSImpl.java:616)
	at com.intellij.openapi.vfs.newvfs.impl.VirtualFileImpl.contentsToByteArray(VirtualFileImpl.java:126)
	at com.intellij.util.indexing.contentQueue.CachedFileContent.getBytes(CachedFileContent.java:28)
	at com.intellij.util.indexing.contentQueue.CurrentProjectHintedCachedFileContentLoader.lambda$loadContent$0(CurrentProjectHintedCachedFileContentLoader.java:31)
	at com.intellij.openapi.project.ProjectLocator.computeWithPreferredProject(ProjectLocator.java:58)
	at com.intellij.util.indexing.contentQueue.CurrentProjectHintedCachedFileContentLoader.loadContent(CurrentProjectHintedCachedFileContentLoader.java:31)
	at com.intellij.util.indexing.contentQueue.IndexUpdateRunner.loadContent(IndexUpdateRunner.java:416)
	at com.intellij.util.indexing.contentQueue.IndexUpdateRunner.indexOneFileOfJob(IndexUpdateRunner.java:277)
	at com.intellij.util.indexing.contentQueue.IndexUpdateRunner.lambda$indexJobsFairly$3(IndexUpdateRunner.java:243)
	at com.intellij.openapi.progress.impl.ProgressSuspender.executeNonSuspendableSection(ProgressSuspender.java:80)
	at com.intellij.util.indexing.contentQueue.IndexUpdateRunner.indexJobsFairly(IndexUpdateRunner.java:246)
	at com.intellij.util.indexing.contentQueue.IndexUpdateRunner.lambda$doIndexFiles$2(IndexUpdateRunner.java:177)
	at com.intellij.util.concurrency.BoundedTaskExecutor.doRun(BoundedTaskExecutor.java:248)
	at com.intellij.util.concurrency.BoundedTaskExecutor.access$200(BoundedTaskExecutor.java:28)
	at com.intellij.util.concurrency.BoundedTaskExecutor$1.executeFirstTaskAndHelpQueue(BoundedTaskExecutor.java:221)
	at com.intellij.util.ConcurrencyUtil.runUnderThreadName(ConcurrencyUtil.java:227)
	at com.intellij.util.concurrency.BoundedTaskExecutor$1.run(BoundedTaskExecutor.java:210)
	at java.base/java.util.concurrent.ThreadPoolExecutor.runWorker(ThreadPoolExecutor.java:1136)
	at java.base/java.util.concurrent.ThreadPoolExecutor$Worker.run(ThreadPoolExecutor.java:635)
	at java.base/java.util.concurrent.Executors$PrivilegedThreadFactory$1$1.run(Executors.java:702)
	at java.base/java.util.concurrent.Executors$PrivilegedThreadFactory$1$1.run(Executors.java:699)
	at java.base/java.security.AccessController.doPrivileged(AccessController.java:399)
	at java.base/java.util.concurrent.Executors$PrivilegedThreadFactory$1.run(Executors.java:699)
	at java.base/java.lang.Thread.run(Thread.java:833)
2023-05-16 21:17:27,151 [  28926]   WARN - #org.rust.macros - The file content has already been fetched
java.io.FileNotFoundException: /rust_expanded_macros/4k1h4qky/11/4/9/498727ba161d9f1037cb252c055b579099d6a9e5_1_31.rs (Content is not provided)
	at org.rust.lang.core.macros.MacroExpansionFileSystem.contentsToByteArray(MacroExpansionFileSystem.kt:236)
	at com.intellij.openapi.vfs.newvfs.persistent.PersistentFSImpl.contentsToByteArray(PersistentFSImpl.java:616)
	at com.intellij.openapi.vfs.newvfs.impl.VirtualFileImpl.contentsToByteArray(VirtualFileImpl.java:126)
	at com.intellij.util.indexing.contentQueue.CachedFileContent.getBytes(CachedFileContent.java:28)
	at com.intellij.util.indexing.contentQueue.CurrentProjectHintedCachedFileContentLoader.lambda$loadContent$0(CurrentProjectHintedCachedFileContentLoader.java:31)
	at com.intellij.openapi.project.ProjectLocator.computeWithPreferredProject(ProjectLocator.java:58)
	at com.intellij.util.indexing.contentQueue.CurrentProjectHintedCachedFileContentLoader.loadContent(CurrentProjectHintedCachedFileContentLoader.java:31)
	at com.intellij.util.indexing.contentQueue.IndexUpdateRunner.loadContent(IndexUpdateRunner.java:416)
	at com.intellij.util.indexing.contentQueue.IndexUpdateRunner.indexOneFileOfJob(IndexUpdateRunner.java:277)
	at com.intellij.util.indexing.contentQueue.IndexUpdateRunner.lambda$indexJobsFairly$3(IndexUpdateRunner.java:243)
	at com.intellij.openapi.progress.impl.ProgressSuspender.executeNonSuspendableSection(ProgressSuspender.java:80)
	at com.intellij.util.indexing.contentQueue.IndexUpdateRunner.indexJobsFairly(IndexUpdateRunner.java:246)
	at com.intellij.util.indexing.contentQueue.IndexUpdateRunner.lambda$doIndexFiles$2(IndexUpdateRunner.java:177)
	at com.intellij.util.concurrency.BoundedTaskExecutor.doRun(BoundedTaskExecutor.java:248)
	at com.intellij.util.concurrency.BoundedTaskExecutor.access$200(BoundedTaskExecutor.java:28)
	at com.intellij.util.concurrency.BoundedTaskExecutor$1.executeFirstTaskAndHelpQueue(BoundedTaskExecutor.java:221)
	at com.intellij.util.ConcurrencyUtil.runUnderThreadName(ConcurrencyUtil.java:227)
	at com.intellij.util.concurrency.BoundedTaskExecutor$1.run(BoundedTaskExecutor.java:210)
	at java.base/java.util.concurrent.ThreadPoolExecutor.runWorker(ThreadPoolExecutor.java:1136)
	at java.base/java.util.concurrent.ThreadPoolExecutor$Worker.run(ThreadPoolExecutor.java:635)
	at java.base/java.util.concurrent.Executors$PrivilegedThreadFactory$1$1.run(Executors.java:702)
	at java.base/java.util.concurrent.Executors$PrivilegedThreadFactory$1$1.run(Executors.java:699)
	at java.base/java.security.AccessController.doPrivileged(AccessController.java:399)
	at java.base/java.util.concurrent.Executors$PrivilegedThreadFactory$1.run(Executors.java:699)
	at java.base/java.lang.Thread.run(Thread.java:833)
2023-05-16 21:17:27,153 [  28928]   WARN - #org.rust.macros - The file content has already been fetched
java.io.FileNotFoundException: /rust_expanded_macros/4k1h4qky/11/d/e/deea191b92a312d557260ccaed6067c884ffda77_1_31.rs (Content is not provided)
	at org.rust.lang.core.macros.MacroExpansionFileSystem.contentsToByteArray(MacroExpansionFileSystem.kt:236)
	at com.intellij.openapi.vfs.newvfs.persistent.PersistentFSImpl.contentsToByteArray(PersistentFSImpl.java:616)
	at com.intellij.openapi.vfs.newvfs.impl.VirtualFileImpl.contentsToByteArray(VirtualFileImpl.java:126)
	at com.intellij.util.indexing.contentQueue.CachedFileContent.getBytes(CachedFileContent.java:28)
	at com.intellij.util.indexing.contentQueue.CurrentProjectHintedCachedFileContentLoader.lambda$loadContent$0(CurrentProjectHintedCachedFileContentLoader.java:31)
	at com.intellij.openapi.project.ProjectLocator.computeWithPreferredProject(ProjectLocator.java:58)
	at com.intellij.util.indexing.contentQueue.CurrentProjectHintedCachedFileContentLoader.loadContent(CurrentProjectHintedCachedFileContentLoader.java:31)
	at com.intellij.util.indexing.contentQueue.IndexUpdateRunner.loadContent(IndexUpdateRunner.java:416)
	at com.intellij.util.indexing.contentQueue.IndexUpdateRunner.indexOneFileOfJob(IndexUpdateRunner.java:277)
	at com.intellij.util.indexing.contentQueue.IndexUpdateRunner.lambda$indexJobsFairly$3(IndexUpdateRunner.java:243)
	at com.intellij.openapi.progress.impl.ProgressSuspender.executeNonSuspendableSection(ProgressSuspender.java:80)
	at com.intellij.util.indexing.contentQueue.IndexUpdateRunner.indexJobsFairly(IndexUpdateRunner.java:246)
	at com.intellij.util.indexing.contentQueue.IndexUpdateRunner.lambda$doIndexFiles$2(IndexUpdateRunner.java:177)
	at com.intellij.util.concurrency.BoundedTaskExecutor.doRun(BoundedTaskExecutor.java:248)
	at com.intellij.util.concurrency.BoundedTaskExecutor.access$200(BoundedTaskExecutor.java:28)
	at com.intellij.util.concurrency.BoundedTaskExecutor$1.executeFirstTaskAndHelpQueue(BoundedTaskExecutor.java:221)
	at com.intellij.util.ConcurrencyUtil.runUnderThreadName(ConcurrencyUtil.java:227)
	at com.intellij.util.concurrency.BoundedTaskExecutor$1.run(BoundedTaskExecutor.java:210)
	at java.base/java.util.concurrent.ThreadPoolExecutor.runWorker(ThreadPoolExecutor.java:1136)
	at java.base/java.util.concurrent.ThreadPoolExecutor$Worker.run(ThreadPoolExecutor.java:635)
	at java.base/java.util.concurrent.Executors$PrivilegedThreadFactory$1$1.run(Executors.java:702)
	at java.base/java.util.concurrent.Executors$PrivilegedThreadFactory$1$1.run(Executors.java:699)
	at java.base/java.security.AccessController.doPrivileged(AccessController.java:399)
	at java.base/java.util.concurrent.Executors$PrivilegedThreadFactory$1.run(Executors.java:699)
	at java.base/java.lang.Thread.run(Thread.java:833)
2023-05-16 21:17:29,171 [  30946]   WARN - #org.rust.macros - The file content has already been fetched
java.io.FileNotFoundException: /rust_expanded_macros/4k1h4qky/44309/2/8/28dbd0e698eaa0940bc16fea59f9cf500d9614ab_1_31.rs (Content is not provided)
	at org.rust.lang.core.macros.MacroExpansionFileSystem.contentsToByteArray(MacroExpansionFileSystem.kt:236)
	at com.intellij.openapi.vfs.newvfs.persistent.PersistentFSImpl.contentsToByteArray(PersistentFSImpl.java:616)
	at com.intellij.openapi.vfs.newvfs.impl.VirtualFileImpl.contentsToByteArray(VirtualFileImpl.java:126)
	at com.intellij.util.indexing.contentQueue.CachedFileContent.getBytes(CachedFileContent.java:28)
	at com.intellij.util.indexing.contentQueue.CurrentProjectHintedCachedFileContentLoader.lambda$loadContent$0(CurrentProjectHintedCachedFileContentLoader.java:31)
	at com.intellij.openapi.project.ProjectLocator.computeWithPreferredProject(ProjectLocator.java:58)
	at com.intellij.util.indexing.contentQueue.CurrentProjectHintedCachedFileContentLoader.loadContent(CurrentProjectHintedCachedFileContentLoader.java:31)
	at com.intellij.util.indexing.contentQueue.IndexUpdateRunner.loadContent(IndexUpdateRunner.java:416)
	at com.intellij.util.indexing.contentQueue.IndexUpdateRunner.indexOneFileOfJob(IndexUpdateRunner.java:277)
	at com.intellij.util.indexing.contentQueue.IndexUpdateRunner.lambda$indexJobsFairly$3(IndexUpdateRunner.java:243)
	at com.intellij.openapi.progress.impl.ProgressSuspender.executeNonSuspendableSection(ProgressSuspender.java:80)
	at com.intellij.util.indexing.contentQueue.IndexUpdateRunner.indexJobsFairly(IndexUpdateRunner.java:246)
	at com.intellij.util.indexing.contentQueue.IndexUpdateRunner.lambda$doIndexFiles$2(IndexUpdateRunner.java:177)
	at com.intellij.util.concurrency.BoundedTaskExecutor.doRun(BoundedTaskExecutor.java:248)
	at com.intellij.util.concurrency.BoundedTaskExecutor.access$200(BoundedTaskExecutor.java:28)
	at com.intellij.util.concurrency.BoundedTaskExecutor$1.executeFirstTaskAndHelpQueue(BoundedTaskExecutor.java:221)
	at com.intellij.util.ConcurrencyUtil.runUnderThreadName(ConcurrencyUtil.java:227)
	at com.intellij.util.concurrency.BoundedTaskExecutor$1.run(BoundedTaskExecutor.java:210)
	at java.base/java.util.concurrent.ThreadPoolExecutor.runWorker(ThreadPoolExecutor.java:1136)
	at java.base/java.util.concurrent.ThreadPoolExecutor$Worker.run(ThreadPoolExecutor.java:635)
	at java.base/java.util.concurrent.Executors$PrivilegedThreadFactory$1$1.run(Executors.java:702)
	at java.base/java.util.concurrent.Executors$PrivilegedThreadFactory$1$1.run(Executors.java:699)
	at java.base/java.security.AccessController.doPrivileged(AccessController.java:399)
	at java.base/java.util.concurrent.Executors$PrivilegedThreadFactory$1.run(Executors.java:699)
	at java.base/java.lang.Thread.run(Thread.java:833)
2023-05-16 21:17:29,171 [  30946]   WARN - #org.rust.macros - The file content has already been fetched
java.io.FileNotFoundException: /rust_expanded_macros/4k1h4qky/44309/2/8/28a99a9d1ea56977374e9551cd446249c6b17c51_1_31.rs (Content is not provided)
	at org.rust.lang.core.macros.MacroExpansionFileSystem.contentsToByteArray(MacroExpansionFileSystem.kt:236)
	at com.intellij.openapi.vfs.newvfs.persistent.PersistentFSImpl.contentsToByteArray(PersistentFSImpl.java:616)
	at com.intellij.openapi.vfs.newvfs.impl.VirtualFileImpl.contentsToByteArray(VirtualFileImpl.java:126)
	at com.intellij.util.indexing.contentQueue.CachedFileContent.getBytes(CachedFileContent.java:28)
	at com.intellij.util.indexing.contentQueue.CurrentProjectHintedCachedFileContentLoader.lambda$loadContent$0(CurrentProjectHintedCachedFileContentLoader.java:31)
	at com.intellij.openapi.project.ProjectLocator.computeWithPreferredProject(ProjectLocator.java:58)
	at com.intellij.util.indexing.contentQueue.CurrentProjectHintedCachedFileContentLoader.loadContent(CurrentProjectHintedCachedFileContentLoader.java:31)
	at com.intellij.util.indexing.contentQueue.IndexUpdateRunner.loadContent(IndexUpdateRunner.java:416)
	at com.intellij.util.indexing.contentQueue.IndexUpdateRunner.indexOneFileOfJob(IndexUpdateRunner.java:277)
	at com.intellij.util.indexing.contentQueue.IndexUpdateRunner.lambda$indexJobsFairly$3(IndexUpdateRunner.java:243)
	at com.intellij.openapi.progress.impl.ProgressSuspender.executeNonSuspendableSection(ProgressSuspender.java:80)
	at com.intellij.util.indexing.contentQueue.IndexUpdateRunner.indexJobsFairly(IndexUpdateRunner.java:246)
	at com.intellij.util.indexing.contentQueue.IndexUpdateRunner.lambda$doIndexFiles$2(IndexUpdateRunner.java:177)
	at com.intellij.util.concurrency.BoundedTaskExecutor.doRun(BoundedTaskExecutor.java:248)
	at com.intellij.util.concurrency.BoundedTaskExecutor.access$200(BoundedTaskExecutor.java:28)
	at com.intellij.util.concurrency.BoundedTaskExecutor$1.executeFirstTaskAndHelpQueue(BoundedTaskExecutor.java:221)
	at com.intellij.util.ConcurrencyUtil.runUnderThreadName(ConcurrencyUtil.java:227)
	at com.intellij.util.concurrency.BoundedTaskExecutor$1.run(BoundedTaskExecutor.java:210)
	at java.base/java.util.concurrent.ThreadPoolExecutor.runWorker(ThreadPoolExecutor.java:1136)
	at java.base/java.util.concurrent.ThreadPoolExecutor$Worker.run(ThreadPoolExecutor.java:635)
	at java.base/java.util.concurrent.Executors$PrivilegedThreadFactory$1$1.run(Executors.java:702)
	at java.base/java.util.concurrent.Executors$PrivilegedThreadFactory$1$1.run(Executors.java:699)
	at java.base/java.security.AccessController.doPrivileged(AccessController.java:399)
	at java.base/java.util.concurrent.Executors$PrivilegedThreadFactory$1.run(Executors.java:699)
	at java.base/java.lang.Thread.run(Thread.java:833)
2023-05-16 21:17:29,173 [  30948]   WARN - #org.rust.macros - The file content has already been fetched
java.io.FileNotFoundException: /rust_expanded_macros/4k1h4qky/44309/c/c/cc2c6950ff49a42a1e4e9773c4dfc5c2ea8c68f2_1_31.rs (Content is not provided)
	at org.rust.lang.core.macros.MacroExpansionFileSystem.contentsToByteArray(MacroExpansionFileSystem.kt:236)
	at com.intellij.openapi.vfs.newvfs.persistent.PersistentFSImpl.contentsToByteArray(PersistentFSImpl.java:616)
	at com.intellij.openapi.vfs.newvfs.impl.VirtualFileImpl.contentsToByteArray(VirtualFileImpl.java:126)
	at com.intellij.util.indexing.contentQueue.CachedFileContent.getBytes(CachedFileContent.java:28)
	at com.intellij.util.indexing.contentQueue.CurrentProjectHintedCachedFileContentLoader.lambda$loadContent$0(CurrentProjectHintedCachedFileContentLoader.java:31)
	at com.intellij.openapi.project.ProjectLocator.computeWithPreferredProject(ProjectLocator.java:58)
	at com.intellij.util.indexing.contentQueue.CurrentProjectHintedCachedFileContentLoader.loadContent(CurrentProjectHintedCachedFileContentLoader.java:31)
	at com.intellij.util.indexing.contentQueue.IndexUpdateRunner.loadContent(IndexUpdateRunner.java:416)
	at com.intellij.util.indexing.contentQueue.IndexUpdateRunner.indexOneFileOfJob(IndexUpdateRunner.java:277)
	at com.intellij.util.indexing.contentQueue.IndexUpdateRunner.lambda$indexJobsFairly$3(IndexUpdateRunner.java:243)
	at com.intellij.openapi.progress.impl.ProgressSuspender.executeNonSuspendableSection(ProgressSuspender.java:80)
	at com.intellij.util.indexing.contentQueue.IndexUpdateRunner.indexJobsFairly(IndexUpdateRunner.java:246)
	at com.intellij.util.indexing.contentQueue.IndexUpdateRunner.lambda$doIndexFiles$2(IndexUpdateRunner.java:177)
	at com.intellij.util.concurrency.BoundedTaskExecutor.doRun(BoundedTaskExecutor.java:248)
	at com.intellij.util.concurrency.BoundedTaskExecutor.access$200(BoundedTaskExecutor.java:28)
	at com.intellij.util.concurrency.BoundedTaskExecutor$1.executeFirstTaskAndHelpQueue(BoundedTaskExecutor.java:221)
	at com.intellij.util.ConcurrencyUtil.runUnderThreadName(ConcurrencyUtil.java:227)
	at com.intellij.util.concurrency.BoundedTaskExecutor$1.run(BoundedTaskExecutor.java:210)
	at java.base/java.util.concurrent.ThreadPoolExecutor.runWorker(ThreadPoolExecutor.java:1136)
	at java.base/java.util.concurrent.ThreadPoolExecutor$Worker.run(ThreadPoolExecutor.java:635)
	at java.base/java.util.concurrent.Executors$PrivilegedThreadFactory$1$1.run(Executors.java:702)
	at java.base/java.util.concurrent.Executors$PrivilegedThreadFactory$1$1.run(Executors.java:699)
	at java.base/java.security.AccessController.doPrivileged(AccessController.java:399)
	at java.base/java.util.concurrent.Executors$PrivilegedThreadFactory$1.run(Executors.java:699)
	at java.base/java.lang.Thread.run(Thread.java:833)
2023-05-16 21:17:29,171 [  30946]   WARN - #org.rust.macros - The file content has already been fetched
java.io.FileNotFoundException: /rust_expanded_macros/4k1h4qky/44309/2/6/26e6daf07e7bd3cbae3b4e18b7a230c84e4ba671_1_31.rs (Content is not provided)
	at org.rust.lang.core.macros.MacroExpansionFileSystem.contentsToByteArray(MacroExpansionFileSystem.kt:236)
	at com.intellij.openapi.vfs.newvfs.persistent.PersistentFSImpl.contentsToByteArray(PersistentFSImpl.java:616)
	at com.intellij.openapi.vfs.newvfs.impl.VirtualFileImpl.contentsToByteArray(VirtualFileImpl.java:126)
	at com.intellij.util.indexing.contentQueue.CachedFileContent.getBytes(CachedFileContent.java:28)
	at com.intellij.util.indexing.contentQueue.CurrentProjectHintedCachedFileContentLoader.lambda$loadContent$0(CurrentProjectHintedCachedFileContentLoader.java:31)
	at com.intellij.openapi.project.ProjectLocator.computeWithPreferredProject(ProjectLocator.java:58)
	at com.intellij.util.indexing.contentQueue.CurrentProjectHintedCachedFileContentLoader.loadContent(CurrentProjectHintedCachedFileContentLoader.java:31)
	at com.intellij.util.indexing.contentQueue.IndexUpdateRunner.loadContent(IndexUpdateRunner.java:416)
	at com.intellij.util.indexing.contentQueue.IndexUpdateRunner.indexOneFileOfJob(IndexUpdateRunner.java:277)
	at com.intellij.util.indexing.contentQueue.IndexUpdateRunner.lambda$indexJobsFairly$3(IndexUpdateRunner.java:243)
	at com.intellij.openapi.progress.impl.ProgressSuspender.executeNonSuspendableSection(ProgressSuspender.java:80)
	at com.intellij.util.indexing.contentQueue.IndexUpdateRunner.indexJobsFairly(IndexUpdateRunner.java:246)
	at com.intellij.util.indexing.contentQueue.IndexUpdateRunner.lambda$doIndexFiles$2(IndexUpdateRunner.java:177)
	at com.intellij.util.concurrency.BoundedTaskExecutor.doRun(BoundedTaskExecutor.java:248)
	at com.intellij.util.concurrency.BoundedTaskExecutor.access$200(BoundedTaskExecutor.java:28)
	at com.intellij.util.concurrency.BoundedTaskExecutor$1.executeFirstTaskAndHelpQueue(BoundedTaskExecutor.java:221)
	at com.intellij.util.ConcurrencyUtil.runUnderThreadName(ConcurrencyUtil.java:227)
	at com.intellij.util.concurrency.BoundedTaskExecutor$1.run(BoundedTaskExecutor.java:210)
	at java.base/java.util.concurrent.ThreadPoolExecutor.runWorker(ThreadPoolExecutor.java:1136)
	at java.base/java.util.concurrent.ThreadPoolExecutor$Worker.run(ThreadPoolExecutor.java:635)
	at java.base/java.util.concurrent.Executors$PrivilegedThreadFactory$1$1.run(Executors.java:702)
	at java.base/java.util.concurrent.Executors$PrivilegedThreadFactory$1$1.run(Executors.java:699)
	at java.base/java.security.AccessController.doPrivileged(AccessController.java:399)
	at java.base/java.util.concurrent.Executors$PrivilegedThreadFactory$1.run(Executors.java:699)
	at java.base/java.lang.Thread.run(Thread.java:833)
2023-05-16 21:17:29,171 [  30946]   WARN - #org.rust.macros - The file content has already been fetched
java.io.FileNotFoundException: /rust_expanded_macros/4k1h4qky/44309/2/4/24b7aa06b69f435292c91665f62fc3eff5c11fee_1_31.rs (Content is not provided)
	at org.rust.lang.core.macros.MacroExpansionFileSystem.contentsToByteArray(MacroExpansionFileSystem.kt:236)
	at com.intellij.openapi.vfs.newvfs.persistent.PersistentFSImpl.contentsToByteArray(PersistentFSImpl.java:616)
	at com.intellij.openapi.vfs.newvfs.impl.VirtualFileImpl.contentsToByteArray(VirtualFileImpl.java:126)
	at com.intellij.util.indexing.contentQueue.CachedFileContent.getBytes(CachedFileContent.java:28)
	at com.intellij.util.indexing.contentQueue.CurrentProjectHintedCachedFileContentLoader.lambda$loadContent$0(CurrentProjectHintedCachedFileContentLoader.java:31)
	at com.intellij.openapi.project.ProjectLocator.computeWithPreferredProject(ProjectLocator.java:58)
	at com.intellij.util.indexing.contentQueue.CurrentProjectHintedCachedFileContentLoader.loadContent(CurrentProjectHintedCachedFileContentLoader.java:31)
	at com.intellij.util.indexing.contentQueue.IndexUpdateRunner.loadContent(IndexUpdateRunner.java:416)
	at com.intellij.util.indexing.contentQueue.IndexUpdateRunner.indexOneFileOfJob(IndexUpdateRunner.java:277)
	at com.intellij.util.indexing.contentQueue.IndexUpdateRunner.lambda$indexJobsFairly$3(IndexUpdateRunner.java:243)
	at com.intellij.openapi.progress.impl.ProgressSuspender.executeNonSuspendableSection(ProgressSuspender.java:80)
	at com.intellij.util.indexing.contentQueue.IndexUpdateRunner.indexJobsFairly(IndexUpdateRunner.java:246)
	at com.intellij.util.indexing.contentQueue.IndexUpdateRunner.lambda$doIndexFiles$2(IndexUpdateRunner.java:177)
	at com.intellij.util.concurrency.BoundedTaskExecutor.doRun(BoundedTaskExecutor.java:248)
	at com.intellij.util.concurrency.BoundedTaskExecutor.access$200(BoundedTaskExecutor.java:28)
	at com.intellij.util.concurrency.BoundedTaskExecutor$1.executeFirstTaskAndHelpQueue(BoundedTaskExecutor.java:221)
	at com.intellij.util.ConcurrencyUtil.runUnderThreadName(ConcurrencyUtil.java:227)
	at com.intellij.util.concurrency.BoundedTaskExecutor$1.run(BoundedTaskExecutor.java:210)
	at java.base/java.util.concurrent.ThreadPoolExecutor.runWorker(ThreadPoolExecutor.java:1136)
	at java.base/java.util.concurrent.ThreadPoolExecutor$Worker.run(ThreadPoolExecutor.java:635)
	at java.base/java.util.concurrent.Executors$PrivilegedThreadFactory$1$1.run(Executors.java:702)
	at java.base/java.util.concurrent.Executors$PrivilegedThreadFactory$1$1.run(Executors.java:699)
	at java.base/java.security.AccessController.doPrivileged(AccessController.java:399)
	at java.base/java.util.concurrent.Executors$PrivilegedThreadFactory$1.run(Executors.java:699)
	at java.base/java.lang.Thread.run(Thread.java:833)
2023-05-16 21:17:29,171 [  30946]   WARN - #org.rust.macros - The file content has already been fetched
java.io.FileNotFoundException: /rust_expanded_macros/4k1h4qky/44309/8/d/8dd178891d5296ec7213544373e1573d4b665f90_1_31.rs (Content is not provided)
	at org.rust.lang.core.macros.MacroExpansionFileSystem.contentsToByteArray(MacroExpansionFileSystem.kt:236)
	at com.intellij.openapi.vfs.newvfs.persistent.PersistentFSImpl.contentsToByteArray(PersistentFSImpl.java:616)
	at com.intellij.openapi.vfs.newvfs.impl.VirtualFileImpl.contentsToByteArray(VirtualFileImpl.java:126)
	at com.intellij.util.indexing.contentQueue.CachedFileContent.getBytes(CachedFileContent.java:28)
	at com.intellij.util.indexing.contentQueue.CurrentProjectHintedCachedFileContentLoader.lambda$loadContent$0(CurrentProjectHintedCachedFileContentLoader.java:31)
	at com.intellij.openapi.project.ProjectLocator.computeWithPreferredProject(ProjectLocator.java:58)
	at com.intellij.util.indexing.contentQueue.CurrentProjectHintedCachedFileContentLoader.loadContent(CurrentProjectHintedCachedFileContentLoader.java:31)
	at com.intellij.util.indexing.contentQueue.IndexUpdateRunner.loadContent(IndexUpdateRunner.java:416)
	at com.intellij.util.indexing.contentQueue.IndexUpdateRunner.indexOneFileOfJob(IndexUpdateRunner.java:277)
	at com.intellij.util.indexing.contentQueue.IndexUpdateRunner.lambda$indexJobsFairly$3(IndexUpdateRunner.java:243)
	at com.intellij.openapi.progress.impl.ProgressSuspender.executeNonSuspendableSection(ProgressSuspender.java:80)
	at com.intellij.util.indexing.contentQueue.IndexUpdateRunner.indexJobsFairly(IndexUpdateRunner.java:246)
	at com.intellij.util.indexing.contentQueue.IndexUpdateRunner.lambda$doIndexFiles$2(IndexUpdateRunner.java:177)
	at com.intellij.util.concurrency.BoundedTaskExecutor.doRun(BoundedTaskExecutor.java:248)
	at com.intellij.util.concurrency.BoundedTaskExecutor.access$200(BoundedTaskExecutor.java:28)
	at com.intellij.util.concurrency.BoundedTaskExecutor$1.executeFirstTaskAndHelpQueue(BoundedTaskExecutor.java:221)
	at com.intellij.util.ConcurrencyUtil.runUnderThreadName(ConcurrencyUtil.java:227)
	at com.intellij.util.concurrency.BoundedTaskExecutor$1.run(BoundedTaskExecutor.java:210)
	at java.base/java.util.concurrent.ThreadPoolExecutor.runWorker(ThreadPoolExecutor.java:1136)
	at java.base/java.util.concurrent.ThreadPoolExecutor$Worker.run(ThreadPoolExecutor.java:635)
	at java.base/java.util.concurrent.Executors$PrivilegedThreadFactory$1$1.run(Executors.java:702)
	at java.base/java.util.concurrent.Executors$PrivilegedThreadFactory$1$1.run(Executors.java:699)
	at java.base/java.security.AccessController.doPrivileged(AccessController.java:399)
	at java.base/java.util.concurrent.Executors$PrivilegedThreadFactory$1.run(Executors.java:699)
	at java.base/java.lang.Thread.run(Thread.java:833)
2023-05-16 21:17:29,174 [  30949]   WARN - #org.rust.macros - The file content has already been fetched
java.io.FileNotFoundException: /rust_expanded_macros/4k1h4qky/44309/f/6/f69b2de9dad52e92cef3986c1360ecaff8ef5ee3_1_31.rs (Content is not provided)
	at org.rust.lang.core.macros.MacroExpansionFileSystem.contentsToByteArray(MacroExpansionFileSystem.kt:236)
	at com.intellij.openapi.vfs.newvfs.persistent.PersistentFSImpl.contentsToByteArray(PersistentFSImpl.java:616)
	at com.intellij.openapi.vfs.newvfs.impl.VirtualFileImpl.contentsToByteArray(VirtualFileImpl.java:126)
	at com.intellij.util.indexing.contentQueue.CachedFileContent.getBytes(CachedFileContent.java:28)
	at com.intellij.util.indexing.contentQueue.CurrentProjectHintedCachedFileContentLoader.lambda$loadContent$0(CurrentProjectHintedCachedFileContentLoader.java:31)
	at com.intellij.openapi.project.ProjectLocator.computeWithPreferredProject(ProjectLocator.java:58)
	at com.intellij.util.indexing.contentQueue.CurrentProjectHintedCachedFileContentLoader.loadContent(CurrentProjectHintedCachedFileContentLoader.java:31)
	at com.intellij.util.indexing.contentQueue.IndexUpdateRunner.loadContent(IndexUpdateRunner.java:416)
	at com.intellij.util.indexing.contentQueue.IndexUpdateRunner.indexOneFileOfJob(IndexUpdateRunner.java:277)
	at com.intellij.util.indexing.contentQueue.IndexUpdateRunner.lambda$indexJobsFairly$3(IndexUpdateRunner.java:243)
	at com.intellij.openapi.progress.impl.ProgressSuspender.executeNonSuspendableSection(ProgressSuspender.java:80)
	at com.intellij.util.indexing.contentQueue.IndexUpdateRunner.indexJobsFairly(IndexUpdateRunner.java:246)
	at com.intellij.util.indexing.contentQueue.IndexUpdateRunner.lambda$doIndexFiles$2(IndexUpdateRunner.java:177)
	at com.intellij.util.concurrency.BoundedTaskExecutor.doRun(BoundedTaskExecutor.java:248)
	at com.intellij.util.concurrency.BoundedTaskExecutor.access$200(BoundedTaskExecutor.java:28)
	at com.intellij.util.concurrency.BoundedTaskExecutor$1.executeFirstTaskAndHelpQueue(BoundedTaskExecutor.java:221)
	at com.intellij.util.ConcurrencyUtil.runUnderThreadName(ConcurrencyUtil.java:227)
	at com.intellij.util.concurrency.BoundedTaskExecutor$1.run(BoundedTaskExecutor.java:210)
	at java.base/java.util.concurrent.ThreadPoolExecutor.runWorker(ThreadPoolExecutor.java:1136)
	at java.base/java.util.concurrent.ThreadPoolExecutor$Worker.run(ThreadPoolExecutor.java:635)
	at java.base/java.util.concurrent.Executors$PrivilegedThreadFactory$1$1.run(Executors.java:702)
	at java.base/java.util.concurrent.Executors$PrivilegedThreadFactory$1$1.run(Executors.java:699)
	at java.base/java.security.AccessController.doPrivileged(AccessController.java:399)
	at java.base/java.util.concurrent.Executors$PrivilegedThreadFactory$1.run(Executors.java:699)
	at java.base/java.lang.Thread.run(Thread.java:833)
2023-05-16 21:17:29,173 [  30948]   WARN - #org.rust.macros - The file content has already been fetched
java.io.FileNotFoundException: /rust_expanded_macros/4k1h4qky/44309/a/5/a56c48e03652ea6a545b9b67c1ab91b6a23cb85f_1_31.rs (Content is not provided)
	at org.rust.lang.core.macros.MacroExpansionFileSystem.contentsToByteArray(MacroExpansionFileSystem.kt:236)
	at com.intellij.openapi.vfs.newvfs.persistent.PersistentFSImpl.contentsToByteArray(PersistentFSImpl.java:616)
	at com.intellij.openapi.vfs.newvfs.impl.VirtualFileImpl.contentsToByteArray(VirtualFileImpl.java:126)
	at com.intellij.util.indexing.contentQueue.CachedFileContent.getBytes(CachedFileContent.java:28)
	at com.intellij.util.indexing.contentQueue.CurrentProjectHintedCachedFileContentLoader.lambda$loadContent$0(CurrentProjectHintedCachedFileContentLoader.java:31)
	at com.intellij.openapi.project.ProjectLocator.computeWithPreferredProject(ProjectLocator.java:58)
	at com.intellij.util.indexing.contentQueue.CurrentProjectHintedCachedFileContentLoader.loadContent(CurrentProjectHintedCachedFileContentLoader.java:31)
	at com.intellij.util.indexing.contentQueue.IndexUpdateRunner.loadContent(IndexUpdateRunner.java:416)
	at com.intellij.util.indexing.contentQueue.IndexUpdateRunner.indexOneFileOfJob(IndexUpdateRunner.java:277)
	at com.intellij.util.indexing.contentQueue.IndexUpdateRunner.lambda$indexJobsFairly$3(IndexUpdateRunner.java:243)
	at com.intellij.openapi.progress.impl.ProgressSuspender.executeNonSuspendableSection(ProgressSuspender.java:80)
	at com.intellij.util.indexing.contentQueue.IndexUpdateRunner.indexJobsFairly(IndexUpdateRunner.java:246)
	at com.intellij.util.indexing.contentQueue.IndexUpdateRunner.lambda$doIndexFiles$2(IndexUpdateRunner.java:177)
	at com.intellij.util.concurrency.BoundedTaskExecutor.doRun(BoundedTaskExecutor.java:248)
	at com.intellij.util.concurrency.BoundedTaskExecutor.access$200(BoundedTaskExecutor.java:28)
	at com.intellij.util.concurrency.BoundedTaskExecutor$1.executeFirstTaskAndHelpQueue(BoundedTaskExecutor.java:221)
	at com.intellij.util.ConcurrencyUtil.runUnderThreadName(ConcurrencyUtil.java:227)
	at com.intellij.util.concurrency.BoundedTaskExecutor$1.run(BoundedTaskExecutor.java:210)
	at java.base/java.util.concurrent.ThreadPoolExecutor.runWorker(ThreadPoolExecutor.java:1136)
	at java.base/java.util.concurrent.ThreadPoolExecutor$Worker.run(ThreadPoolExecutor.java:635)
	at java.base/java.util.concurrent.Executors$PrivilegedThreadFactory$1$1.run(Executors.java:702)
	at java.base/java.util.concurrent.Executors$PrivilegedThreadFactory$1$1.run(Executors.java:699)
	at java.base/java.security.AccessController.doPrivileged(AccessController.java:399)
	at java.base/java.util.concurrent.Executors$PrivilegedThreadFactory$1.run(Executors.java:699)
	at java.base/java.lang.Thread.run(Thread.java:833)
2023-05-16 21:17:29,171 [  30946]   WARN - #org.rust.macros - The file content has already been fetched
java.io.FileNotFoundException: /rust_expanded_macros/4k1h4qky/44309/8/e/8e65e3114c4b1820ddc45596d6fbbfe586fed3bb_1_31.rs (Content is not provided)
	at org.rust.lang.core.macros.MacroExpansionFileSystem.contentsToByteArray(MacroExpansionFileSystem.kt:236)
	at com.intellij.openapi.vfs.newvfs.persistent.PersistentFSImpl.contentsToByteArray(PersistentFSImpl.java:616)
	at com.intellij.openapi.vfs.newvfs.impl.VirtualFileImpl.contentsToByteArray(VirtualFileImpl.java:126)
	at com.intellij.util.indexing.contentQueue.CachedFileContent.getBytes(CachedFileContent.java:28)
	at com.intellij.util.indexing.contentQueue.CurrentProjectHintedCachedFileContentLoader.lambda$loadContent$0(CurrentProjectHintedCachedFileContentLoader.java:31)
	at com.intellij.openapi.project.ProjectLocator.computeWithPreferredProject(ProjectLocator.java:58)
	at com.intellij.util.indexing.contentQueue.CurrentProjectHintedCachedFileContentLoader.loadContent(CurrentProjectHintedCachedFileContentLoader.java:31)
	at com.intellij.util.indexing.contentQueue.IndexUpdateRunner.loadContent(IndexUpdateRunner.java:416)
	at com.intellij.util.indexing.contentQueue.IndexUpdateRunner.indexOneFileOfJob(IndexUpdateRunner.java:277)
	at com.intellij.util.indexing.contentQueue.IndexUpdateRunner.lambda$indexJobsFairly$3(IndexUpdateRunner.java:243)
	at com.intellij.openapi.progress.impl.ProgressSuspender.executeNonSuspendableSection(ProgressSuspender.java:80)
	at com.intellij.util.indexing.contentQueue.IndexUpdateRunner.indexJobsFairly(IndexUpdateRunner.java:246)
	at com.intellij.util.indexing.contentQueue.IndexUpdateRunner.lambda$doIndexFiles$2(IndexUpdateRunner.java:177)
	at com.intellij.util.concurrency.BoundedTaskExecutor.doRun(BoundedTaskExecutor.java:248)
	at com.intellij.util.concurrency.BoundedTaskExecutor.access$200(BoundedTaskExecutor.java:28)
	at com.intellij.util.concurrency.BoundedTaskExecutor$1.executeFirstTaskAndHelpQueue(BoundedTaskExecutor.java:221)
	at com.intellij.util.ConcurrencyUtil.runUnderThreadName(ConcurrencyUtil.java:227)
	at com.intellij.util.concurrency.BoundedTaskExecutor$1.run(BoundedTaskExecutor.java:210)
	at java.base/java.util.concurrent.ThreadPoolExecutor.runWorker(ThreadPoolExecutor.java:1136)
	at java.base/java.util.concurrent.ThreadPoolExecutor$Worker.run(ThreadPoolExecutor.java:635)
	at java.base/java.util.concurrent.Executors$PrivilegedThreadFactory$1$1.run(Executors.java:702)
	at java.base/java.util.concurrent.Executors$PrivilegedThreadFactory$1$1.run(Executors.java:699)
	at java.base/java.security.AccessController.doPrivileged(AccessController.java:399)
	at java.base/java.util.concurrent.Executors$PrivilegedThreadFactory$1.run(Executors.java:699)
	at java.base/java.lang.Thread.run(Thread.java:833)
2023-05-16 21:17:29,172 [  30947]   WARN - #org.rust.macros - The file content has already been fetched
java.io.FileNotFoundException: /rust_expanded_macros/4k1h4qky/44309/9/5/95575947b8f67b78550e08e35b39dbb45d627f45_1_31.rs (Content is not provided)
	at org.rust.lang.core.macros.MacroExpansionFileSystem.contentsToByteArray(MacroExpansionFileSystem.kt:236)
	at com.intellij.openapi.vfs.newvfs.persistent.PersistentFSImpl.contentsToByteArray(PersistentFSImpl.java:616)
	at com.intellij.openapi.vfs.newvfs.impl.VirtualFileImpl.contentsToByteArray(VirtualFileImpl.java:126)
	at com.intellij.util.indexing.contentQueue.CachedFileContent.getBytes(CachedFileContent.java:28)
	at com.intellij.util.indexing.contentQueue.CurrentProjectHintedCachedFileContentLoader.lambda$loadContent$0(CurrentProjectHintedCachedFileContentLoader.java:31)
	at com.intellij.openapi.project.ProjectLocator.computeWithPreferredProject(ProjectLocator.java:58)
	at com.intellij.util.indexing.contentQueue.CurrentProjectHintedCachedFileContentLoader.loadContent(CurrentProjectHintedCachedFileContentLoader.java:31)
	at com.intellij.util.indexing.contentQueue.IndexUpdateRunner.loadContent(IndexUpdateRunner.java:416)
	at com.intellij.util.indexing.contentQueue.IndexUpdateRunner.indexOneFileOfJob(IndexUpdateRunner.java:277)
	at com.intellij.util.indexing.contentQueue.IndexUpdateRunner.lambda$indexJobsFairly$3(IndexUpdateRunner.java:243)
	at com.intellij.openapi.progress.impl.ProgressSuspender.executeNonSuspendableSection(ProgressSuspender.java:80)
	at com.intellij.util.indexing.contentQueue.IndexUpdateRunner.indexJobsFairly(IndexUpdateRunner.java:246)
	at com.intellij.util.indexing.contentQueue.IndexUpdateRunner.lambda$doIndexFiles$2(IndexUpdateRunner.java:177)
	at com.intellij.util.concurrency.BoundedTaskExecutor.doRun(BoundedTaskExecutor.java:248)
	at com.intellij.util.concurrency.BoundedTaskExecutor.access$200(BoundedTaskExecutor.java:28)
	at com.intellij.util.concurrency.BoundedTaskExecutor$1.executeFirstTaskAndHelpQueue(BoundedTaskExecutor.java:221)
	at com.intellij.util.ConcurrencyUtil.runUnderThreadName(ConcurrencyUtil.java:227)
	at com.intellij.util.concurrency.BoundedTaskExecutor$1.run(BoundedTaskExecutor.java:210)
	at java.base/java.util.concurrent.ThreadPoolExecutor.runWorker(ThreadPoolExecutor.java:1136)
	at java.base/java.util.concurrent.ThreadPoolExecutor$Worker.run(ThreadPoolExecutor.java:635)
	at java.base/java.util.concurrent.Executors$PrivilegedThreadFactory$1$1.run(Executors.java:702)
	at java.base/java.util.concurrent.Executors$PrivilegedThreadFactory$1$1.run(Executors.java:699)
	at java.base/java.security.AccessController.doPrivileged(AccessController.java:399)
	at java.base/java.util.concurrent.Executors$PrivilegedThreadFactory$1.run(Executors.java:699)
	at java.base/java.lang.Thread.run(Thread.java:833)
2023-05-16 21:17:29,308 [  31083]   WARN - #org.rust.macros - The file content has already been fetched
java.io.FileNotFoundException: /rust_expanded_macros/4k1h4qky/57069/1/1/113e1ab60f626db22a7d92e6b9fd40e74e097054_1_31.rs (Content is not provided)
	at org.rust.lang.core.macros.MacroExpansionFileSystem.contentsToByteArray(MacroExpansionFileSystem.kt:236)
	at com.intellij.openapi.vfs.newvfs.persistent.PersistentFSImpl.contentsToByteArray(PersistentFSImpl.java:616)
	at com.intellij.openapi.vfs.newvfs.impl.VirtualFileImpl.contentsToByteArray(VirtualFileImpl.java:126)
	at com.intellij.util.indexing.contentQueue.CachedFileContent.getBytes(CachedFileContent.java:28)
	at com.intellij.util.indexing.contentQueue.CurrentProjectHintedCachedFileContentLoader.lambda$loadContent$0(CurrentProjectHintedCachedFileContentLoader.java:31)
	at com.intellij.openapi.project.ProjectLocator.computeWithPreferredProject(ProjectLocator.java:58)
	at com.intellij.util.indexing.contentQueue.CurrentProjectHintedCachedFileContentLoader.loadContent(CurrentProjectHintedCachedFileContentLoader.java:31)
	at com.intellij.util.indexing.contentQueue.IndexUpdateRunner.loadContent(IndexUpdateRunner.java:416)
	at com.intellij.util.indexing.contentQueue.IndexUpdateRunner.indexOneFileOfJob(IndexUpdateRunner.java:277)
	at com.intellij.util.indexing.contentQueue.IndexUpdateRunner.lambda$indexJobsFairly$3(IndexUpdateRunner.java:243)
	at com.intellij.openapi.progress.impl.ProgressSuspender.executeNonSuspendableSection(ProgressSuspender.java:80)
	at com.intellij.util.indexing.contentQueue.IndexUpdateRunner.indexJobsFairly(IndexUpdateRunner.java:246)
	at com.intellij.util.indexing.contentQueue.IndexUpdateRunner.lambda$doIndexFiles$2(IndexUpdateRunner.java:177)
	at com.intellij.util.concurrency.BoundedTaskExecutor.doRun(BoundedTaskExecutor.java:248)
	at com.intellij.util.concurrency.BoundedTaskExecutor.access$200(BoundedTaskExecutor.java:28)
	at com.intellij.util.concurrency.BoundedTaskExecutor$1.executeFirstTaskAndHelpQueue(BoundedTaskExecutor.java:221)
	at com.intellij.util.ConcurrencyUtil.runUnderThreadName(ConcurrencyUtil.java:227)
	at com.intellij.util.concurrency.BoundedTaskExecutor$1.run(BoundedTaskExecutor.java:210)
	at java.base/java.util.concurrent.ThreadPoolExecutor.runWorker(ThreadPoolExecutor.java:1136)
	at java.base/java.util.concurrent.ThreadPoolExecutor$Worker.run(ThreadPoolExecutor.java:635)
	at java.base/java.util.concurrent.Executors$PrivilegedThreadFactory$1$1.run(Executors.java:702)
	at java.base/java.util.concurrent.Executors$PrivilegedThreadFactory$1$1.run(Executors.java:699)
	at java.base/java.security.AccessController.doPrivileged(AccessController.java:399)
	at java.base/java.util.concurrent.Executors$PrivilegedThreadFactory$1.run(Executors.java:699)
	at java.base/java.lang.Thread.run(Thread.java:833)
2023-05-16 21:17:29,308 [  31083]   WARN - #org.rust.macros - The file content has already been fetched
java.io.FileNotFoundException: /rust_expanded_macros/4k1h4qky/57069/b/4/b4c17b41bfee4d3390e4c9c07efd4dd0792f6510_1_31.rs (Content is not provided)
	at org.rust.lang.core.macros.MacroExpansionFileSystem.contentsToByteArray(MacroExpansionFileSystem.kt:236)
	at com.intellij.openapi.vfs.newvfs.persistent.PersistentFSImpl.contentsToByteArray(PersistentFSImpl.java:616)
	at com.intellij.openapi.vfs.newvfs.impl.VirtualFileImpl.contentsToByteArray(VirtualFileImpl.java:126)
	at com.intellij.util.indexing.contentQueue.CachedFileContent.getBytes(CachedFileContent.java:28)
	at com.intellij.util.indexing.contentQueue.CurrentProjectHintedCachedFileContentLoader.lambda$loadContent$0(CurrentProjectHintedCachedFileContentLoader.java:31)
	at com.intellij.openapi.project.ProjectLocator.computeWithPreferredProject(ProjectLocator.java:58)
	at com.intellij.util.indexing.contentQueue.CurrentProjectHintedCachedFileContentLoader.loadContent(CurrentProjectHintedCachedFileContentLoader.java:31)
	at com.intellij.util.indexing.contentQueue.IndexUpdateRunner.loadContent(IndexUpdateRunner.java:416)
	at com.intellij.util.indexing.contentQueue.IndexUpdateRunner.indexOneFileOfJob(IndexUpdateRunner.java:277)
	at com.intellij.util.indexing.contentQueue.IndexUpdateRunner.lambda$indexJobsFairly$3(IndexUpdateRunner.java:243)
	at com.intellij.openapi.progress.impl.ProgressSuspender.executeNonSuspendableSection(ProgressSuspender.java:80)
	at com.intellij.util.indexing.contentQueue.IndexUpdateRunner.indexJobsFairly(IndexUpdateRunner.java:246)
	at com.intellij.util.indexing.contentQueue.IndexUpdateRunner.lambda$doIndexFiles$2(IndexUpdateRunner.java:177)
	at com.intellij.util.concurrency.BoundedTaskExecutor.doRun(BoundedTaskExecutor.java:248)
	at com.intellij.util.concurrency.BoundedTaskExecutor.access$200(BoundedTaskExecutor.java:28)
	at com.intellij.util.concurrency.BoundedTaskExecutor$1.executeFirstTaskAndHelpQueue(BoundedTaskExecutor.java:221)
	at com.intellij.util.ConcurrencyUtil.runUnderThreadName(ConcurrencyUtil.java:227)
	at com.intellij.util.concurrency.BoundedTaskExecutor$1.run(BoundedTaskExecutor.java:210)
	at java.base/java.util.concurrent.ThreadPoolExecutor.runWorker(ThreadPoolExecutor.java:1136)
	at java.base/java.util.concurrent.ThreadPoolExecutor$Worker.run(ThreadPoolExecutor.java:635)
	at java.base/java.util.concurrent.Executors$PrivilegedThreadFactory$1$1.run(Executors.java:702)
	at java.base/java.util.concurrent.Executors$PrivilegedThreadFactory$1$1.run(Executors.java:699)
	at java.base/java.security.AccessController.doPrivileged(AccessController.java:399)
	at java.base/java.util.concurrent.Executors$PrivilegedThreadFactory$1.run(Executors.java:699)
	at java.base/java.lang.Thread.run(Thread.java:833)
2023-05-16 21:17:29,308 [  31083]   WARN - #org.rust.macros - The file content has already been fetched
java.io.FileNotFoundException: /rust_expanded_macros/4k1h4qky/57069/9/9/99b2a3aaa6d802f7968dc0026b329e196759b2a0_1_31.rs (Content is not provided)
	at org.rust.lang.core.macros.MacroExpansionFileSystem.contentsToByteArray(MacroExpansionFileSystem.kt:236)
	at com.intellij.openapi.vfs.newvfs.persistent.PersistentFSImpl.contentsToByteArray(PersistentFSImpl.java:616)
	at com.intellij.openapi.vfs.newvfs.impl.VirtualFileImpl.contentsToByteArray(VirtualFileImpl.java:126)
	at com.intellij.util.indexing.contentQueue.CachedFileContent.getBytes(CachedFileContent.java:28)
	at com.intellij.util.indexing.contentQueue.CurrentProjectHintedCachedFileContentLoader.lambda$loadContent$0(CurrentProjectHintedCachedFileContentLoader.java:31)
	at com.intellij.openapi.project.ProjectLocator.computeWithPreferredProject(ProjectLocator.java:58)
	at com.intellij.util.indexing.contentQueue.CurrentProjectHintedCachedFileContentLoader.loadContent(CurrentProjectHintedCachedFileContentLoader.java:31)
	at com.intellij.util.indexing.contentQueue.IndexUpdateRunner.loadContent(IndexUpdateRunner.java:416)
	at com.intellij.util.indexing.contentQueue.IndexUpdateRunner.indexOneFileOfJob(IndexUpdateRunner.java:277)
	at com.intellij.util.indexing.contentQueue.IndexUpdateRunner.lambda$indexJobsFairly$3(IndexUpdateRunner.java:243)
	at com.intellij.openapi.progress.impl.ProgressSuspender.executeNonSuspendableSection(ProgressSuspender.java:80)
	at com.intellij.util.indexing.contentQueue.IndexUpdateRunner.indexJobsFairly(IndexUpdateRunner.java:246)
	at com.intellij.util.indexing.contentQueue.IndexUpdateRunner.lambda$doIndexFiles$2(IndexUpdateRunner.java:177)
	at com.intellij.util.concurrency.BoundedTaskExecutor.doRun(BoundedTaskExecutor.java:248)
	at com.intellij.util.concurrency.BoundedTaskExecutor.access$200(BoundedTaskExecutor.java:28)
	at com.intellij.util.concurrency.BoundedTaskExecutor$1.executeFirstTaskAndHelpQueue(BoundedTaskExecutor.java:221)
	at com.intellij.util.ConcurrencyUtil.runUnderThreadName(ConcurrencyUtil.java:227)
	at com.intellij.util.concurrency.BoundedTaskExecutor$1.run(BoundedTaskExecutor.java:210)
	at java.base/java.util.concurrent.ThreadPoolExecutor.runWorker(ThreadPoolExecutor.java:1136)
	at java.base/java.util.concurrent.ThreadPoolExecutor$Worker.run(ThreadPoolExecutor.java:635)
	at java.base/java.util.concurrent.Executors$PrivilegedThreadFactory$1$1.run(Executors.java:702)
	at java.base/java.util.concurrent.Executors$PrivilegedThreadFactory$1$1.run(Executors.java:699)
	at java.base/java.security.AccessController.doPrivileged(AccessController.java:399)
	at java.base/java.util.concurrent.Executors$PrivilegedThreadFactory$1.run(Executors.java:699)
	at java.base/java.lang.Thread.run(Thread.java:833)
2023-05-16 21:17:29,308 [  31083]   WARN - #org.rust.macros - The file content has already been fetched
java.io.FileNotFoundException: /rust_expanded_macros/4k1h4qky/57069/4/5/4504a3a3a8e0d999bdf23f124835f3fe5b432b2d_1_31.rs (Content is not provided)
	at org.rust.lang.core.macros.MacroExpansionFileSystem.contentsToByteArray(MacroExpansionFileSystem.kt:236)
	at com.intellij.openapi.vfs.newvfs.persistent.PersistentFSImpl.contentsToByteArray(PersistentFSImpl.java:616)
	at com.intellij.openapi.vfs.newvfs.impl.VirtualFileImpl.contentsToByteArray(VirtualFileImpl.java:126)
	at com.intellij.util.indexing.contentQueue.CachedFileContent.getBytes(CachedFileContent.java:28)
	at com.intellij.util.indexing.contentQueue.CurrentProjectHintedCachedFileContentLoader.lambda$loadContent$0(CurrentProjectHintedCachedFileContentLoader.java:31)
	at com.intellij.openapi.project.ProjectLocator.computeWithPreferredProject(ProjectLocator.java:58)
	at com.intellij.util.indexing.contentQueue.CurrentProjectHintedCachedFileContentLoader.loadContent(CurrentProjectHintedCachedFileContentLoader.java:31)
	at com.intellij.util.indexing.contentQueue.IndexUpdateRunner.loadContent(IndexUpdateRunner.java:416)
	at com.intellij.util.indexing.contentQueue.IndexUpdateRunner.indexOneFileOfJob(IndexUpdateRunner.java:277)
	at com.intellij.util.indexing.contentQueue.IndexUpdateRunner.lambda$indexJobsFairly$3(IndexUpdateRunner.java:243)
	at com.intellij.openapi.progress.impl.ProgressSuspender.executeNonSuspendableSection(ProgressSuspender.java:80)
	at com.intellij.util.indexing.contentQueue.IndexUpdateRunner.indexJobsFairly(IndexUpdateRunner.java:246)
	at com.intellij.util.indexing.contentQueue.IndexUpdateRunner.lambda$doIndexFiles$2(IndexUpdateRunner.java:177)
	at com.intellij.util.concurrency.BoundedTaskExecutor.doRun(BoundedTaskExecutor.java:248)
	at com.intellij.util.concurrency.BoundedTaskExecutor.access$200(BoundedTaskExecutor.java:28)
	at com.intellij.util.concurrency.BoundedTaskExecutor$1.executeFirstTaskAndHelpQueue(BoundedTaskExecutor.java:221)
	at com.intellij.util.ConcurrencyUtil.runUnderThreadName(ConcurrencyUtil.java:227)
	at com.intellij.util.concurrency.BoundedTaskExecutor$1.run(BoundedTaskExecutor.java:210)
	at java.base/java.util.concurrent.ThreadPoolExecutor.runWorker(ThreadPoolExecutor.java:1136)
	at java.base/java.util.concurrent.ThreadPoolExecutor$Worker.run(ThreadPoolExecutor.java:635)
	at java.base/java.util.concurrent.Executors$PrivilegedThreadFactory$1$1.run(Executors.java:702)
	at java.base/java.util.concurrent.Executors$PrivilegedThreadFactory$1$1.run(Executors.java:699)
	at java.base/java.security.AccessController.doPrivileged(AccessController.java:399)
	at java.base/java.util.concurrent.Executors$PrivilegedThreadFactory$1.run(Executors.java:699)
	at java.base/java.lang.Thread.run(Thread.java:833)
2023-05-16 21:17:29,308 [  31083]   WARN - #org.rust.macros - The file content has already been fetched
java.io.FileNotFoundException: /rust_expanded_macros/4k1h4qky/57069/9/1/91e60339f7f6e5dbd158be84d83434361dff383d_1_31.rs (Content is not provided)
	at org.rust.lang.core.macros.MacroExpansionFileSystem.contentsToByteArray(MacroExpansionFileSystem.kt:236)
	at com.intellij.openapi.vfs.newvfs.persistent.PersistentFSImpl.contentsToByteArray(PersistentFSImpl.java:616)
	at com.intellij.openapi.vfs.newvfs.impl.VirtualFileImpl.contentsToByteArray(VirtualFileImpl.java:126)
	at com.intellij.util.indexing.contentQueue.CachedFileContent.getBytes(CachedFileContent.java:28)
	at com.intellij.util.indexing.contentQueue.CurrentProjectHintedCachedFileContentLoader.lambda$loadContent$0(CurrentProjectHintedCachedFileContentLoader.java:31)
	at com.intellij.openapi.project.ProjectLocator.computeWithPreferredProject(ProjectLocator.java:58)
	at com.intellij.util.indexing.contentQueue.CurrentProjectHintedCachedFileContentLoader.loadContent(CurrentProjectHintedCachedFileContentLoader.java:31)
	at com.intellij.util.indexing.contentQueue.IndexUpdateRunner.loadContent(IndexUpdateRunner.java:416)
	at com.intellij.util.indexing.contentQueue.IndexUpdateRunner.indexOneFileOfJob(IndexUpdateRunner.java:277)
	at com.intellij.util.indexing.contentQueue.IndexUpdateRunner.lambda$indexJobsFairly$3(IndexUpdateRunner.java:243)
	at com.intellij.openapi.progress.impl.ProgressSuspender.executeNonSuspendableSection(ProgressSuspender.java:80)
	at com.intellij.util.indexing.contentQueue.IndexUpdateRunner.indexJobsFairly(IndexUpdateRunner.java:246)
	at com.intellij.util.indexing.contentQueue.IndexUpdateRunner.lambda$doIndexFiles$2(IndexUpdateRunner.java:177)
	at com.intellij.util.concurrency.BoundedTaskExecutor.doRun(BoundedTaskExecutor.java:248)
	at com.intellij.util.concurrency.BoundedTaskExecutor.access$200(BoundedTaskExecutor.java:28)
	at com.intellij.util.concurrency.BoundedTaskExecutor$1.executeFirstTaskAndHelpQueue(BoundedTaskExecutor.java:221)
	at com.intellij.util.ConcurrencyUtil.runUnderThreadName(ConcurrencyUtil.java:227)
	at com.intellij.util.concurrency.BoundedTaskExecutor$1.run(BoundedTaskExecutor.java:210)
	at java.base/java.util.concurrent.ThreadPoolExecutor.runWorker(ThreadPoolExecutor.java:1136)
	at java.base/java.util.concurrent.ThreadPoolExecutor$Worker.run(ThreadPoolExecutor.java:635)
	at java.base/java.util.concurrent.Executors$PrivilegedThreadFactory$1$1.run(Executors.java:702)
	at java.base/java.util.concurrent.Executors$PrivilegedThreadFactory$1$1.run(Executors.java:699)
	at java.base/java.security.AccessController.doPrivileged(AccessController.java:399)
	at java.base/java.util.concurrent.Executors$PrivilegedThreadFactory$1.run(Executors.java:699)
	at java.base/java.lang.Thread.run(Thread.java:833)
2023-05-16 21:17:29,308 [  31083]   WARN - #org.rust.macros - The file content has already been fetched
java.io.FileNotFoundException: /rust_expanded_macros/4k1h4qky/57069/8/0/80bdb0eb806f51036fbda87c654633713e14751c_1_31.rs (Content is not provided)
	at org.rust.lang.core.macros.MacroExpansionFileSystem.contentsToByteArray(MacroExpansionFileSystem.kt:236)
	at com.intellij.openapi.vfs.newvfs.persistent.PersistentFSImpl.contentsToByteArray(PersistentFSImpl.java:616)
	at com.intellij.openapi.vfs.newvfs.impl.VirtualFileImpl.contentsToByteArray(VirtualFileImpl.java:126)
	at com.intellij.util.indexing.contentQueue.CachedFileContent.getBytes(CachedFileContent.java:28)
	at com.intellij.util.indexing.contentQueue.CurrentProjectHintedCachedFileContentLoader.lambda$loadContent$0(CurrentProjectHintedCachedFileContentLoader.java:31)
	at com.intellij.openapi.project.ProjectLocator.computeWithPreferredProject(ProjectLocator.java:58)
	at com.intellij.util.indexing.contentQueue.CurrentProjectHintedCachedFileContentLoader.loadContent(CurrentProjectHintedCachedFileContentLoader.java:31)
	at com.intellij.util.indexing.contentQueue.IndexUpdateRunner.loadContent(IndexUpdateRunner.java:416)
	at com.intellij.util.indexing.contentQueue.IndexUpdateRunner.indexOneFileOfJob(IndexUpdateRunner.java:277)
	at com.intellij.util.indexing.contentQueue.IndexUpdateRunner.lambda$indexJobsFairly$3(IndexUpdateRunner.java:243)
	at com.intellij.openapi.progress.impl.ProgressSuspender.executeNonSuspendableSection(ProgressSuspender.java:80)
	at com.intellij.util.indexing.contentQueue.IndexUpdateRunner.indexJobsFairly(IndexUpdateRunner.java:246)
	at com.intellij.util.indexing.contentQueue.IndexUpdateRunner.lambda$doIndexFiles$2(IndexUpdateRunner.java:177)
	at com.intellij.util.concurrency.BoundedTaskExecutor.doRun(BoundedTaskExecutor.java:248)
	at com.intellij.util.concurrency.BoundedTaskExecutor.access$200(BoundedTaskExecutor.java:28)
	at com.intellij.util.concurrency.BoundedTaskExecutor$1.executeFirstTaskAndHelpQueue(BoundedTaskExecutor.java:221)
	at com.intellij.util.ConcurrencyUtil.runUnderThreadName(ConcurrencyUtil.java:227)
	at com.intellij.util.concurrency.BoundedTaskExecutor$1.run(BoundedTaskExecutor.java:210)
	at java.base/java.util.concurrent.ThreadPoolExecutor.runWorker(ThreadPoolExecutor.java:1136)
	at java.base/java.util.concurrent.ThreadPoolExecutor$Worker.run(ThreadPoolExecutor.java:635)
	at java.base/java.util.concurrent.Executors$PrivilegedThreadFactory$1$1.run(Executors.java:702)
	at java.base/java.util.concurrent.Executors$PrivilegedThreadFactory$1$1.run(Executors.java:699)
	at java.base/java.security.AccessController.doPrivileged(AccessController.java:399)
	at java.base/java.util.concurrent.Executors$PrivilegedThreadFactory$1.run(Executors.java:699)
	at java.base/java.lang.Thread.run(Thread.java:833)
2023-05-16 21:17:29,308 [  31083]   WARN - #org.rust.macros - The file content has already been fetched
java.io.FileNotFoundException: /rust_expanded_macros/4k1h4qky/57069/7/2/72fc2244b5c904f21c54b748d665f84cb25fbf9d_1_31.rs (Content is not provided)
	at org.rust.lang.core.macros.MacroExpansionFileSystem.contentsToByteArray(MacroExpansionFileSystem.kt:236)
	at com.intellij.openapi.vfs.newvfs.persistent.PersistentFSImpl.contentsToByteArray(PersistentFSImpl.java:616)
	at com.intellij.openapi.vfs.newvfs.impl.VirtualFileImpl.contentsToByteArray(VirtualFileImpl.java:126)
	at com.intellij.util.indexing.contentQueue.CachedFileContent.getBytes(CachedFileContent.java:28)
	at com.intellij.util.indexing.contentQueue.CurrentProjectHintedCachedFileContentLoader.lambda$loadContent$0(CurrentProjectHintedCachedFileContentLoader.java:31)
	at com.intellij.openapi.project.ProjectLocator.computeWithPreferredProject(ProjectLocator.java:58)
	at com.intellij.util.indexing.contentQueue.CurrentProjectHintedCachedFileContentLoader.loadContent(CurrentProjectHintedCachedFileContentLoader.java:31)
	at com.intellij.util.indexing.contentQueue.IndexUpdateRunner.loadContent(IndexUpdateRunner.java:416)
	at com.intellij.util.indexing.contentQueue.IndexUpdateRunner.indexOneFileOfJob(IndexUpdateRunner.java:277)
	at com.intellij.util.indexing.contentQueue.IndexUpdateRunner.lambda$indexJobsFairly$3(IndexUpdateRunner.java:243)
	at com.intellij.openapi.progress.impl.ProgressSuspender.executeNonSuspendableSection(ProgressSuspender.java:80)
	at com.intellij.util.indexing.contentQueue.IndexUpdateRunner.indexJobsFairly(IndexUpdateRunner.java:246)
	at com.intellij.util.indexing.contentQueue.IndexUpdateRunner.lambda$doIndexFiles$2(IndexUpdateRunner.java:177)
	at com.intellij.util.concurrency.BoundedTaskExecutor.doRun(BoundedTaskExecutor.java:248)
	at com.intellij.util.concurrency.BoundedTaskExecutor.access$200(BoundedTaskExecutor.java:28)
	at com.intellij.util.concurrency.BoundedTaskExecutor$1.executeFirstTaskAndHelpQueue(BoundedTaskExecutor.java:221)
	at com.intellij.util.ConcurrencyUtil.runUnderThreadName(ConcurrencyUtil.java:227)
	at com.intellij.util.concurrency.BoundedTaskExecutor$1.run(BoundedTaskExecutor.java:210)
	at java.base/java.util.concurrent.ThreadPoolExecutor.runWorker(ThreadPoolExecutor.java:1136)
	at java.base/java.util.concurrent.ThreadPoolExecutor$Worker.run(ThreadPoolExecutor.java:635)
	at java.base/java.util.concurrent.Executors$PrivilegedThreadFactory$1$1.run(Executors.java:702)
	at java.base/java.util.concurrent.Executors$PrivilegedThreadFactory$1$1.run(Executors.java:699)
	at java.base/java.security.AccessController.doPrivileged(AccessController.java:399)
	at java.base/java.util.concurrent.Executors$PrivilegedThreadFactory$1.run(Executors.java:699)
	at java.base/java.lang.Thread.run(Thread.java:833)
2023-05-16 21:17:29,311 [  31086]   WARN - #org.rust.macros - The file content has already been fetched
java.io.FileNotFoundException: /rust_expanded_macros/4k1h4qky/57069/f/b/fbfb5a46f662816f8d8d452a4f16484f55da1854_1_31.rs (Content is not provided)
	at org.rust.lang.core.macros.MacroExpansionFileSystem.contentsToByteArray(MacroExpansionFileSystem.kt:236)
	at com.intellij.openapi.vfs.newvfs.persistent.PersistentFSImpl.contentsToByteArray(PersistentFSImpl.java:616)
	at com.intellij.openapi.vfs.newvfs.impl.VirtualFileImpl.contentsToByteArray(VirtualFileImpl.java:126)
	at com.intellij.util.indexing.contentQueue.CachedFileContent.getBytes(CachedFileContent.java:28)
	at com.intellij.util.indexing.contentQueue.CurrentProjectHintedCachedFileContentLoader.lambda$loadContent$0(CurrentProjectHintedCachedFileContentLoader.java:31)
	at com.intellij.openapi.project.ProjectLocator.computeWithPreferredProject(ProjectLocator.java:58)
	at com.intellij.util.indexing.contentQueue.CurrentProjectHintedCachedFileContentLoader.loadContent(CurrentProjectHintedCachedFileContentLoader.java:31)
	at com.intellij.util.indexing.contentQueue.IndexUpdateRunner.loadContent(IndexUpdateRunner.java:416)
	at com.intellij.util.indexing.contentQueue.IndexUpdateRunner.indexOneFileOfJob(IndexUpdateRunner.java:277)
	at com.intellij.util.indexing.contentQueue.IndexUpdateRunner.lambda$indexJobsFairly$3(IndexUpdateRunner.java:243)
	at com.intellij.openapi.progress.impl.ProgressSuspender.executeNonSuspendableSection(ProgressSuspender.java:80)
	at com.intellij.util.indexing.contentQueue.IndexUpdateRunner.indexJobsFairly(IndexUpdateRunner.java:246)
	at com.intellij.util.indexing.contentQueue.IndexUpdateRunner.lambda$doIndexFiles$2(IndexUpdateRunner.java:177)
	at com.intellij.util.concurrency.BoundedTaskExecutor.doRun(BoundedTaskExecutor.java:248)
	at com.intellij.util.concurrency.BoundedTaskExecutor.access$200(BoundedTaskExecutor.java:28)
	at com.intellij.util.concurrency.BoundedTaskExecutor$1.executeFirstTaskAndHelpQueue(BoundedTaskExecutor.java:221)
	at com.intellij.util.ConcurrencyUtil.runUnderThreadName(ConcurrencyUtil.java:227)
	at com.intellij.util.concurrency.BoundedTaskExecutor$1.run(BoundedTaskExecutor.java:210)
	at java.base/java.util.concurrent.ThreadPoolExecutor.runWorker(ThreadPoolExecutor.java:1136)
	at java.base/java.util.concurrent.ThreadPoolExecutor$Worker.run(ThreadPoolExecutor.java:635)
	at java.base/java.util.concurrent.Executors$PrivilegedThreadFactory$1$1.run(Executors.java:702)
	at java.base/java.util.concurrent.Executors$PrivilegedThreadFactory$1$1.run(Executors.java:699)
	at java.base/java.security.AccessController.doPrivileged(AccessController.java:399)
	at java.base/java.util.concurrent.Executors$PrivilegedThreadFactory$1.run(Executors.java:699)
	at java.base/java.lang.Thread.run(Thread.java:833)
2023-05-16 21:17:29,311 [  31086]   WARN - #org.rust.macros - The file content has already been fetched
java.io.FileNotFoundException: /rust_expanded_macros/4k1h4qky/57069/f/1/f18dc11b26c02323df1bd7f2a3a0169d28c55523_1_31.rs (Content is not provided)
	at org.rust.lang.core.macros.MacroExpansionFileSystem.contentsToByteArray(MacroExpansionFileSystem.kt:236)
	at com.intellij.openapi.vfs.newvfs.persistent.PersistentFSImpl.contentsToByteArray(PersistentFSImpl.java:616)
	at com.intellij.openapi.vfs.newvfs.impl.VirtualFileImpl.contentsToByteArray(VirtualFileImpl.java:126)
	at com.intellij.util.indexing.contentQueue.CachedFileContent.getBytes(CachedFileContent.java:28)
	at com.intellij.util.indexing.contentQueue.CurrentProjectHintedCachedFileContentLoader.lambda$loadContent$0(CurrentProjectHintedCachedFileContentLoader.java:31)
	at com.intellij.openapi.project.ProjectLocator.computeWithPreferredProject(ProjectLocator.java:58)
	at com.intellij.util.indexing.contentQueue.CurrentProjectHintedCachedFileContentLoader.loadContent(CurrentProjectHintedCachedFileContentLoader.java:31)
	at com.intellij.util.indexing.contentQueue.IndexUpdateRunner.loadContent(IndexUpdateRunner.java:416)
	at com.intellij.util.indexing.contentQueue.IndexUpdateRunner.indexOneFileOfJob(IndexUpdateRunner.java:277)
	at com.intellij.util.indexing.contentQueue.IndexUpdateRunner.lambda$indexJobsFairly$3(IndexUpdateRunner.java:243)
	at com.intellij.openapi.progress.impl.ProgressSuspender.executeNonSuspendableSection(ProgressSuspender.java:80)
	at com.intellij.util.indexing.contentQueue.IndexUpdateRunner.indexJobsFairly(IndexUpdateRunner.java:246)
	at com.intellij.util.indexing.contentQueue.IndexUpdateRunner.lambda$doIndexFiles$2(IndexUpdateRunner.java:177)
	at com.intellij.util.concurrency.BoundedTaskExecutor.doRun(BoundedTaskExecutor.java:248)
	at com.intellij.util.concurrency.BoundedTaskExecutor.access$200(BoundedTaskExecutor.java:28)
	at com.intellij.util.concurrency.BoundedTaskExecutor$1.executeFirstTaskAndHelpQueue(BoundedTaskExecutor.java:221)
	at com.intellij.util.ConcurrencyUtil.runUnderThreadName(ConcurrencyUtil.java:227)
	at com.intellij.util.concurrency.BoundedTaskExecutor$1.run(BoundedTaskExecutor.java:210)
	at java.base/java.util.concurrent.ThreadPoolExecutor.runWorker(ThreadPoolExecutor.java:1136)
	at java.base/java.util.concurrent.ThreadPoolExecutor$Worker.run(ThreadPoolExecutor.java:635)
	at java.base/java.util.concurrent.Executors$PrivilegedThreadFactory$1$1.run(Executors.java:702)
	at java.base/java.util.concurrent.Executors$PrivilegedThreadFactory$1$1.run(Executors.java:699)
	at java.base/java.security.AccessController.doPrivileged(AccessController.java:399)
	at java.base/java.util.concurrent.Executors$PrivilegedThreadFactory$1.run(Executors.java:699)
	at java.base/java.lang.Thread.run(Thread.java:833)
2023-05-16 21:17:29,310 [  31085]   WARN - #org.rust.macros - The file content has already been fetched
java.io.FileNotFoundException: /rust_expanded_macros/4k1h4qky/57069/e/0/e08c4db7d38294dbdc83d6d886f5dfad0d7a2049_1_31.rs (Content is not provided)
	at org.rust.lang.core.macros.MacroExpansionFileSystem.contentsToByteArray(MacroExpansionFileSystem.kt:236)
	at com.intellij.openapi.vfs.newvfs.persistent.PersistentFSImpl.contentsToByteArray(PersistentFSImpl.java:616)
	at com.intellij.openapi.vfs.newvfs.impl.VirtualFileImpl.contentsToByteArray(VirtualFileImpl.java:126)
	at com.intellij.util.indexing.contentQueue.CachedFileContent.getBytes(CachedFileContent.java:28)
	at com.intellij.util.indexing.contentQueue.CurrentProjectHintedCachedFileContentLoader.lambda$loadContent$0(CurrentProjectHintedCachedFileContentLoader.java:31)
	at com.intellij.openapi.project.ProjectLocator.computeWithPreferredProject(ProjectLocator.java:58)
	at com.intellij.util.indexing.contentQueue.CurrentProjectHintedCachedFileContentLoader.loadContent(CurrentProjectHintedCachedFileContentLoader.java:31)
	at com.intellij.util.indexing.contentQueue.IndexUpdateRunner.loadContent(IndexUpdateRunner.java:416)
	at com.intellij.util.indexing.contentQueue.IndexUpdateRunner.indexOneFileOfJob(IndexUpdateRunner.java:277)
	at com.intellij.util.indexing.contentQueue.IndexUpdateRunner.lambda$indexJobsFairly$3(IndexUpdateRunner.java:243)
	at com.intellij.openapi.progress.impl.ProgressSuspender.executeNonSuspendableSection(ProgressSuspender.java:80)
	at com.intellij.util.indexing.contentQueue.IndexUpdateRunner.indexJobsFairly(IndexUpdateRunner.java:246)
	at com.intellij.util.indexing.contentQueue.IndexUpdateRunner.lambda$doIndexFiles$2(IndexUpdateRunner.java:177)
	at com.intellij.util.concurrency.BoundedTaskExecutor.doRun(BoundedTaskExecutor.java:248)
	at com.intellij.util.concurrency.BoundedTaskExecutor.access$200(BoundedTaskExecutor.java:28)
	at com.intellij.util.concurrency.BoundedTaskExecutor$1.executeFirstTaskAndHelpQueue(BoundedTaskExecutor.java:221)
	at com.intellij.util.ConcurrencyUtil.runUnderThreadName(ConcurrencyUtil.java:227)
	at com.intellij.util.concurrency.BoundedTaskExecutor$1.run(BoundedTaskExecutor.java:210)
	at java.base/java.util.concurrent.ThreadPoolExecutor.runWorker(ThreadPoolExecutor.java:1136)
	at java.base/java.util.concurrent.ThreadPoolExecutor$Worker.run(ThreadPoolExecutor.java:635)
	at java.base/java.util.concurrent.Executors$PrivilegedThreadFactory$1$1.run(Executors.java:702)
	at java.base/java.util.concurrent.Executors$PrivilegedThreadFactory$1$1.run(Executors.java:699)
	at java.base/java.security.AccessController.doPrivileged(AccessController.java:399)
	at java.base/java.util.concurrent.Executors$PrivilegedThreadFactory$1.run(Executors.java:699)
	at java.base/java.lang.Thread.run(Thread.java:833)
2023-05-16 21:17:29,309 [  31084]   WARN - #org.rust.macros - The file content has already been fetched
java.io.FileNotFoundException: /rust_expanded_macros/4k1h4qky/57069/b/f/bf3f381ab4e188d4c9350a9f855d08401123218d_1_31.rs (Content is not provided)
	at org.rust.lang.core.macros.MacroExpansionFileSystem.contentsToByteArray(MacroExpansionFileSystem.kt:236)
	at com.intellij.openapi.vfs.newvfs.persistent.PersistentFSImpl.contentsToByteArray(PersistentFSImpl.java:616)
	at com.intellij.openapi.vfs.newvfs.impl.VirtualFileImpl.contentsToByteArray(VirtualFileImpl.java:126)
	at com.intellij.util.indexing.contentQueue.CachedFileContent.getBytes(CachedFileContent.java:28)
	at com.intellij.util.indexing.contentQueue.CurrentProjectHintedCachedFileContentLoader.lambda$loadContent$0(CurrentProjectHintedCachedFileContentLoader.java:31)
	at com.intellij.openapi.project.ProjectLocator.computeWithPreferredProject(ProjectLocator.java:58)
	at com.intellij.util.indexing.contentQueue.CurrentProjectHintedCachedFileContentLoader.loadContent(CurrentProjectHintedCachedFileContentLoader.java:31)
	at com.intellij.util.indexing.contentQueue.IndexUpdateRunner.loadContent(IndexUpdateRunner.java:416)
	at com.intellij.util.indexing.contentQueue.IndexUpdateRunner.indexOneFileOfJob(IndexUpdateRunner.java:277)
	at com.intellij.util.indexing.contentQueue.IndexUpdateRunner.lambda$indexJobsFairly$3(IndexUpdateRunner.java:243)
	at com.intellij.openapi.progress.impl.ProgressSuspender.executeNonSuspendableSection(ProgressSuspender.java:80)
	at com.intellij.util.indexing.contentQueue.IndexUpdateRunner.indexJobsFairly(IndexUpdateRunner.java:246)
	at com.intellij.util.indexing.contentQueue.IndexUpdateRunner.lambda$doIndexFiles$2(IndexUpdateRunner.java:177)
	at com.intellij.util.concurrency.BoundedTaskExecutor.doRun(BoundedTaskExecutor.java:248)
	at com.intellij.util.concurrency.BoundedTaskExecutor.access$200(BoundedTaskExecutor.java:28)
	at com.intellij.util.concurrency.BoundedTaskExecutor$1.executeFirstTaskAndHelpQueue(BoundedTaskExecutor.java:221)
	at com.intellij.util.ConcurrencyUtil.runUnderThreadName(ConcurrencyUtil.java:227)
	at com.intellij.util.concurrency.BoundedTaskExecutor$1.run(BoundedTaskExecutor.java:210)
	at java.base/java.util.concurrent.ThreadPoolExecutor.runWorker(ThreadPoolExecutor.java:1136)
	at java.base/java.util.concurrent.ThreadPoolExecutor$Worker.run(ThreadPoolExecutor.java:635)
	at java.base/java.util.concurrent.Executors$PrivilegedThreadFactory$1$1.run(Executors.java:702)
	at java.base/java.util.concurrent.Executors$PrivilegedThreadFactory$1$1.run(Executors.java:699)
	at java.base/java.security.AccessController.doPrivileged(AccessController.java:399)
	at java.base/java.util.concurrent.Executors$PrivilegedThreadFactory$1.run(Executors.java:699)
	at java.base/java.lang.Thread.run(Thread.java:833)
Changing log factory from com.intellij.idea.LoggerFactory to com.tabnineCommon.logging.TabnineLoggerFactory
java.lang.Throwable
	at com.intellij.openapi.diagnostic.Logger.logFactoryChanged(Logger.java:79)
	at com.intellij.openapi.diagnostic.Logger.setFactory(Logger.java:70)
	at com.tabnineCommon.logging.LogInitializerKt.initTabnineLogger(LogInitializer.kt:7)
	at com.tabnine.Initializer.initialize(Initializer.kt:57)
	at com.tabnine.Initializer.runActivity(Initializer.kt:42)
	at com.intellij.ide.startup.impl.StartupManagerImpl.runActivityAndMeasureDuration(StartupManagerImpl.kt:328)
	at com.intellij.ide.startup.impl.StartupManagerImpl.access$runActivityAndMeasureDuration(StartupManagerImpl.kt:69)
	at com.intellij.ide.startup.impl.StartupManagerImpl$runPostStartupActivities$4$3.invoke$lambda$0(StartupManagerImpl.kt:284)
	at com.intellij.openapi.project.SmartModeScheduler.doRun(SmartModeScheduler.kt:124)
	at com.intellij.openapi.project.SmartModeScheduler.runAllWhileSmart(SmartModeScheduler.kt:117)
	at com.intellij.openapi.application.TransactionGuardImpl.runWithWritingAllowed(TransactionGuardImpl.java:209)
	at com.intellij.openapi.application.TransactionGuardImpl.access$100(TransactionGuardImpl.java:21)
	at com.intellij.openapi.application.TransactionGuardImpl$1.run(TransactionGuardImpl.java:191)
	at com.intellij.openapi.application.impl.ApplicationImpl.runIntendedWriteActionOnCurrentThread(ApplicationImpl.java:831)
	at com.intellij.openapi.application.impl.ApplicationImpl$3.run(ApplicationImpl.java:456)
	at com.intellij.openapi.application.impl.FlushQueue.doRun(FlushQueue.java:79)
	at com.intellij.openapi.application.impl.FlushQueue.runNextEvent(FlushQueue.java:122)
	at com.intellij.openapi.application.impl.FlushQueue.flushNow(FlushQueue.java:41)
	at java.desktop/java.awt.event.InvocationEvent.dispatch(InvocationEvent.java:318)
	at java.desktop/java.awt.EventQueue.dispatchEventImpl(EventQueue.java:788)
	at java.desktop/java.awt.EventQueue$3.run(EventQueue.java:739)
	at java.desktop/java.awt.EventQueue$3.run(EventQueue.java:731)
	at java.base/java.security.AccessController.doPrivileged(AccessController.java:399)
	at java.base/java.security.ProtectionDomain$JavaSecurityAccessImpl.doIntersectionPrivilege(ProtectionDomain.java:86)
	at java.desktop/java.awt.EventQueue.dispatchEvent(EventQueue.java:758)
	at com.intellij.ide.IdeEventQueue.defaultDispatchEvent(IdeEventQueue.kt:667)
	at com.intellij.ide.IdeEventQueue._dispatchEvent$lambda$7(IdeEventQueue.kt:571)
	at com.intellij.openapi.application.impl.ApplicationImpl.withoutImplicitRead(ApplicationImpl.java:1446)
	at com.intellij.ide.IdeEventQueue._dispatchEvent(IdeEventQueue.kt:571)
	at com.intellij.ide.IdeEventQueue.access$_dispatchEvent(IdeEventQueue.kt:68)
	at com.intellij.ide.IdeEventQueue$dispatchEvent$processEventRunnable$1$1$1.compute(IdeEventQueue.kt:349)
	at com.intellij.ide.IdeEventQueue$dispatchEvent$processEventRunnable$1$1$1.compute(IdeEventQueue.kt:348)
	at com.intellij.openapi.progress.impl.CoreProgressManager.computePrioritized(CoreProgressManager.java:787)
	at com.intellij.ide.IdeEventQueue$dispatchEvent$processEventRunnable$1$1.invoke(IdeEventQueue.kt:348)
	at com.intellij.ide.IdeEventQueue$dispatchEvent$processEventRunnable$1$1.invoke(IdeEventQueue.kt:343)
	at com.intellij.ide.IdeEventQueueKt.performActivity$lambda$1(IdeEventQueue.kt:995)
	at com.intellij.openapi.application.TransactionGuardImpl.performActivity(TransactionGuardImpl.java:105)
	at com.intellij.ide.IdeEventQueueKt.performActivity(IdeEventQueue.kt:995)
	at com.intellij.ide.IdeEventQueue.dispatchEvent$lambda$4(IdeEventQueue.kt:343)
	at com.intellij.openapi.application.impl.ApplicationImpl.runIntendedWriteActionOnCurrentThread(ApplicationImpl.java:831)
	at com.intellij.ide.IdeEventQueue.dispatchEvent(IdeEventQueue.kt:385)
	at java.desktop/java.awt.EventDispatchThread.pumpOneEventForFilters(EventDispatchThread.java:207)
	at java.desktop/java.awt.EventDispatchThread.pumpEventsForFilter(EventDispatchThread.java:128)
	at java.desktop/java.awt.EventDispatchThread.pumpEventsForHierarchy(EventDispatchThread.java:117)
	at java.desktop/java.awt.EventDispatchThread.pumpEvents(EventDispatchThread.java:113)
	at java.desktop/java.awt.EventDispatchThread.pumpEvents(EventDispatchThread.java:105)
	at java.desktop/java.awt.EventDispatchThread.run(EventDispatchThread.java:92)

2023-05-16 21:26:14,362 [ 556137]   WARN - #c.i.u.x.Binding - no accessors for com.intellij.openapi.projectRoots.Sd





k
2023-05-16 21:26:29,907 [ 571682]   WARN - #c.i.u.x.Binding - no accessors for org.jetbrains.idea.perforce.perforce.ConnectionId
2023-05-16 21:26:42,951 [ 584726]   WARN - #c.i.e.p.OSProcessHandler - Process has been already terminated: /home/thivmcthiv/.cargo/bin/cargo check --bin egui_stego_wav --message-format=json --no-default-features --tests
2023-05-16 21:27:04,491 [ 606266]   WARN - #c.i.e.p.OSProcessHandler - Process has been already terminated: /home/thivmcthiv/.cargo/bin/cargo check --bin egui_stego_wav --message-format=json --no-default-features --tests
2023-05-16 21:27:05,623 [ 607398]   WARN - #c.i.e.p.OSProcessHandler - Process has been already terminated: /home/thivmcthiv/.cargo/bin/cargo check --bin egui_stego_wav --message-format=json --no-default-features --tests
2023-05-16 21:28:05,497 [ 667272]   WARN - #c.i.e.p.OSProcessHandler - Process has been already terminated: /home/thivmcthiv/.cargo/bin/cargo check --bin egui_stego_wav --message-format=json --no-default-features --tests
2023-05-16 21:28:27,482 [ 689257]   WARN - #c.i.e.p.OSProcessHandler - Process has been already terminated: /home/thivmcthiv/.cargo/bin/cargo check --bin egui_stego_wav --message-format=json --no-default-features --tests
2023-05-16 21:28:28,373 [ 690148]   WARN - #c.i.e.p.OSProcessHandler - Process has been already terminated: /home/thivmcthiv/.cargo/bin/cargo check --bin egui_stego_wav --message-format=json --no-default-features --tests
2023-05-16 21:28:30,399 [ 692174]   WARN - #c.i.e.p.OSProcessHandler - Process has been already terminated: /home/thivmcthiv/.cargo/bin/cargo check --bin egui_stego_wav --message-format=json --no-default-features --tests
2023-05-16 21:28:34,530 [ 696305]   WARN - #c.i.e.p.OSProcessHandler - Process has been already terminated: /home/thivmcthiv/.cargo/bin/cargo check --bin egui_stego_wav --message-format=json --no-default-features --tests
2023-05-16 21:28:41,806 [ 703581]   WARN - #c.i.e.p.OSProcessHandler - Process has been already terminated: /home/thivmcthiv/.cargo/bin/cargo check --bin egui_stego_wav --message-format=json --no-default-features --tests
2023-05-16 21:28:56,724 [ 718499]   WARN - #c.i.e.p.OSProcessHandler - Process has been already terminated: /home/thivmcthiv/.cargo/bin/cargo check --bin egui_stego_wav --message-format=json --no-default-features --tests
2023-05-16 21:28:57,518 [ 719293]   WARN - #c.i.e.p.OSProcessHandler - Process has been already terminated: /home/thivmcthiv/.cargo/bin/cargo check --bin egui_stego_wav --message-format=json --no-default-features --tests
2023-05-16 21:28:58,590 [ 720365]   WARN - #c.i.e.p.OSProcessHandler - Process has been already terminated: /home/thivmcthiv/.cargo/bin/cargo check --bin egui_stego_wav --message-format=json --no-default-features --tests
2023-05-16 21:29:03,041 [ 724816]   WARN - #c.i.e.p.OSProcessHandler - Process has been already terminated: /home/thivmcthiv/.cargo/bin/cargo check --bin egui_stego_wav --message-format=json --no-default-features --tests
2023-05-16 21:29:03,771 [ 725546]   WARN - #c.i.e.p.OSProcessHandler - Process has been already terminated: /home/thivmcthiv/.cargo/bin/cargo check --bin egui_stego_wav --message-format=json --no-default-features --tests
2023-05-16 21:29:04,650 [ 726425]   WARN - #c.i.e.p.OSProcessHandler - Process has been already terminated: /home/thivmcthiv/.cargo/bin/cargo check --bin egui_stego_wav --message-format=json --no-default-features --tests
2023-05-16 21:29:05,444 [ 727219]   WARN - #c.i.e.p.OSProcessHandler - Process has been already terminated: /home/thivmcthiv/.cargo/bin/cargo check --bin egui_stego_wav --message-format=json --no-default-features --tests
2023-05-16 21:29:09,751 [ 731526]   WARN - #c.i.e.p.OSProcessHandler - Process has been already terminated: /home/thivmcthiv/.cargo/bin/cargo check --bin egui_stego_wav --message-format=json --no-default-features --tests
2023-05-16 21:29:18,849 [ 740624]   WARN - #c.i.e.p.OSProcessHandler - Process has been already terminated: /home/thivmcthiv/.cargo/bin/cargo check --bin egui_stego_wav --message-format=json --no-default-features --tests
2023-05-16 21:29:21,884 [ 743659]   WARN - #c.i.e.p.OSProcessHandler - Process has been already terminated: /home/thivmcthiv/.cargo/bin/cargo check --bin egui_stego_wav --message-format=json --no-default-features --tests
2023-05-16 21:29:25,546 [ 747321]   WARN - #c.i.e.p.OSProcessHandler - Process has been already terminated: /home/thivmcthiv/.cargo/bin/cargo check --bin egui_stego_wav --message-format=json --no-default-features --tests
2023-05-16 21:33:33,897 [ 995672]   WARN - #c.i.e.p.OSProcessHandler - Process has been already terminated: /home/thivmcthiv/.cargo/bin/cargo check --bin egui_stego_wav --message-format=json --no-default-features --tests
2023-05-16 21:34:01,327 [1023102]   WARN - #c.i.e.p.OSProcessHandler - Process has been already terminated: /home/thivmcthiv/.cargo/bin/cargo check --bin egui_stego_wav --message-format=json --no-default-features --tests
2023-05-16 21:35:53,430 [1135205]   WARN - #c.i.e.p.OSProcessHandler - Process has been already terminated: /home/thivmcthiv/.cargo/bin/cargo check --bin egui_stego_wav --message-format=json --no-default-features --tests
2023-05-16 21:36:32,016 [1173791]   WARN - #c.i.e.p.OSProcessHandler - Process has been already terminated: /home/thivmcthiv/.cargo/bin/cargo check --bin egui_stego_wav --message-format=json --no-default-features --tests
2023-05-16 21:38:53,630 [1315405]   WARN - #c.i.e.p.OSProcessHandler - Process has been already terminated: /home/thivmcthiv/.cargo/bin/cargo check --bin egui_stego_wav --message-format=json --no-default-features --tests
2023-05-16 21:40:40,824 [1422599]   WARN - #c.i.e.p.OSProcessHandler - Process has been already terminated: /home/thivmcthiv/.cargo/bin/cargo check --bin egui_stego_wav --message-format=json --no-default-features --tests
2023-05-16 21:40:45,258 [1427033]   WARN - #c.i.e.p.OSProcessHandler - Process has been already terminated: /home/thivmcthiv/.cargo/bin/cargo check --bin egui_stego_wav --message-format=json --no-default-features --tests
2023-05-16 21:45:23,131 [1704906]   WARN - #c.i.e.p.OSProcessHandler - Process has been already terminated: /home/thivmcthiv/.cargo/bin/cargo check --bin egui_stego_wav --message-format=json --no-default-features --tests
2023-05-16 21:45:37,869 [1719644]   WARN - #c.i.e.p.OSProcessHandler - Process has been already terminated: /home/thivmcthiv/.cargo/bin/cargo check --bin egui_stego_wav --message-format=json --no-default-features --tests
2023-05-16 21:51:56,995 [2098770]   WARN - #c.i.e.p.OSProcessHandler - Process has been already terminated: /home/thivmcthiv/.cargo/bin/cargo check --bin egui_stego_wav --message-format=json --no-default-features --tests
2023-05-16 21:52:40,028 [2141803]   WARN - #c.i.e.p.OSProcessHandler - Process has been already terminated: /home/thivmcthiv/.cargo/bin/cargo check --bin egui_stego_wav --message-format=json --no-default-features --tests
2023-05-16 21:52:43,946 [2145721]   WARN - #c.i.e.p.OSProcessHandler - Process has been already terminated: /home/thivmcthiv/.cargo/bin/cargo check --bin egui_stego_wav --message-format=json --no-default-features --tests
